[31mâ”€â”€[0m[31mâ”€â”€â”€â”€â”€â”€â”€â”€â”€â”€â”€â”€â”€â”€â”€â”€â”€â”€â”€â”€â”€â”€â”€â”€[0m[31m [0m[1;31mTraceback [0m[1;2;31m(most recent call last)[0m[31m [0m[31mâ”€â”€â”€â”€â”€â”€â”€â”€â”€â”€â”€â”€â”€â”€â”€â”€â”€â”€â”€â”€â”€â”€â”€â”€â”€[0m[31mâ”€â”€[0m
[31m [0m [2m/home/ubuntu/foirehdf/.venv/lib/python3.12/site-packages/streamlit/runtime/[0m[1mfragment.[0m [31m [0m
[31m [0m [1mpy[0m:245 in wrapped_fragment                                                           [31m [0m
[31m [0m                                                                                      [31m [0m
[31m [0m [2m/home/ubuntu/foirehdf/pages/[0m[1mride_edit.py[0m:135 in ride_edit                            [31m [0m
[31m [0m                                                                                      [31m [0m
[31m [0m   [2m132 [0m[2mâ”‚   â”‚   â”‚   â”‚   [0m[94mif[0m st.session_state.datas.ride.images_url:                     [31m [0m
[31m [0m   [2m133 [0m[2mâ”‚   â”‚   â”‚   â”‚   â”‚   [0m[94mfor[0m i, image_url [95min[0m [96menumerate[0m(st.session_state.datas.ride. [31m [0m
[31m [0m   [2m134 [0m[2mâ”‚   â”‚   â”‚   â”‚   â”‚   â”‚   [0m[94mwith[0m cols_image:                                       [31m [0m
[31m [0m [31mâ± [0m135 [2mâ”‚   â”‚   â”‚   â”‚   â”‚   â”‚   â”‚   [0m[1;4mst.image(image_url)[0m                                [31m [0m
[31m [0m   [2m136 [0m[2mâ”‚   â”‚   â”‚   â”‚   â”‚   â”‚   [0m[94mwith[0m cols_image_del:                                   [31m [0m
[31m [0m   [2m137 [0m[2mâ”‚   â”‚   â”‚   â”‚   â”‚   â”‚   â”‚   [0m[94mif[0m st.button([33m"[0m[33m"[0m, key=[33mf[0m[33m"[0m[33mdelete_image_[0m[33m{[0mi[33m}[0m[33m"[0m, icon=[33m"[0m[33m:m[0m [31m [0m
[31m [0m   [2m138 [0m[2mâ”‚   â”‚   â”‚   â”‚   â”‚   â”‚   â”‚   â”‚   [0mst.session_state.datas.ride.images_url.pop(i)  [31m [0m
[31m [0m                                                                                      [31m [0m
[31m [0m [2m/home/ubuntu/foirehdf/.venv/lib/python3.12/site-packages/streamlit/runtime/[0m[1mmetrics_u[0m [31m [0m
[31m [0m [1mtil.py[0m:410 in wrapped_func                                                           [31m [0m
[31m [0m                                                                                      [31m [0m
[31m [0m [2m/home/ubuntu/foirehdf/.venv/lib/python3.12/site-packages/streamlit/elements/[0m[1mimage.py[0m [31m [0m
[31m [0m :181 in image                                                                        [31m [0m
[31m [0m                                                                                      [31m [0m
[31m [0m [2m/home/ubuntu/foirehdf/.venv/lib/python3.12/site-packages/streamlit/elements/lib/[0m[1mimag[0m [31m [0m
[31m [0m [1me_utils.py[0m:442 in marshall_images                                                    [31m [0m
[31m [0m                                                                                      [31m [0m
[31m [0m [2m/home/ubuntu/foirehdf/.venv/lib/python3.12/site-packages/streamlit/elements/lib/[0m[1mimag[0m [31m [0m
[31m [0m [1me_utils.py[0m:333 in image_to_url                                                       [31m [0m
[31m [0m                                                                                      [31m [0m
[31m [0m [2m/home/ubuntu/foirehdf/.venv/lib/python3.12/site-packages/streamlit/elements/lib/[0m[1mimag[0m [31m [0m
[31m [0m [1me_utils.py[0m:116 in _validate_image_format_string                                      [31m [0m
[31m [0m                                                                                      [31m [0m
[31m [0m [2m/home/ubuntu/foirehdf/.venv/lib/python3.12/site-packages/streamlit/elements/lib/[0m[1mimag[0m [31m [0m
[31m [0m [1me_utils.py[0m:88 in _image_is_gif                                                       [31m [0m
[31mâ”€â”€â”€â”€â”€â”€â”€â”€â”€â”€â”€â”€â”€â”€â”€â”€â”€â”€â”€â”€â”€â”€â”€â”€â”€â”€â”€â”€â”€â”€â”€â”€â”€â”€â”€â”€â”€â”€â”€â”€â”€â”€â”€â”€â”€â”€â”€â”€â”€â”€â”€â”€â”€â”€â”€â”€â”€â”€â”€â”€â”€â”€â”€â”€â”€â”€â”€â”€â”€â”€â”€â”€â”€â”€â”€â”€â”€â”€â”€â”€â”€â”€â”€â”€â”€â”€â”€â”€[0m
[1;91mAttributeError: [0m[32m'HttpUrl'[0m object has no attribute [32m'format'[0m
[31mâ”€â”€[0m[31mâ”€â”€â”€â”€â”€â”€â”€â”€â”€â”€â”€â”€â”€â”€â”€â”€â”€â”€â”€â”€â”€â”€â”€â”€[0m[31m [0m[1;31mTraceback [0m[1;2;31m(most recent call last)[0m[31m [0m[31mâ”€â”€â”€â”€â”€â”€â”€â”€â”€â”€â”€â”€â”€â”€â”€â”€â”€â”€â”€â”€â”€â”€â”€â”€â”€[0m[31mâ”€â”€[0m
[31m [0m [2m/home/ubuntu/foirehdf/.venv/lib/python3.12/site-packages/streamlit/runtime/[0m[1mfragment.[0m [31m [0m
[31m [0m [1mpy[0m:245 in wrapped_fragment                                                           [31m [0m
[31m [0m                                                                                      [31m [0m
[31m [0m [2m/home/ubuntu/foirehdf/pages/[0m[1mride_edit.py[0m:135 in ride_edit                            [31m [0m
[31m [0m                                                                                      [31m [0m
[31m [0m   [2m132 [0m[2mâ”‚   â”‚   â”‚   â”‚   [0m[94mif[0m st.session_state.datas.ride.images_url:                     [31m [0m
[31m [0m   [2m133 [0m[2mâ”‚   â”‚   â”‚   â”‚   â”‚   [0m[94mfor[0m i, image_url [95min[0m [96menumerate[0m(st.session_state.datas.ride. [31m [0m
[31m [0m   [2m134 [0m[2mâ”‚   â”‚   â”‚   â”‚   â”‚   â”‚   [0m[94mwith[0m cols_image:                                       [31m [0m
[31m [0m [31mâ± [0m135 [2mâ”‚   â”‚   â”‚   â”‚   â”‚   â”‚   â”‚   [0m[1;4mst.image(image_url)[0m                                [31m [0m
[31m [0m   [2m136 [0m[2mâ”‚   â”‚   â”‚   â”‚   â”‚   â”‚   [0m[94mwith[0m cols_image_del:                                   [31m [0m
[31m [0m   [2m137 [0m[2mâ”‚   â”‚   â”‚   â”‚   â”‚   â”‚   â”‚   [0m[94mif[0m st.button([33m"[0m[33m"[0m, key=[33mf[0m[33m"[0m[33mdelete_image_[0m[33m{[0mi[33m}[0m[33m"[0m, icon=[33m"[0m[33m:m[0m [31m [0m
[31m [0m   [2m138 [0m[2mâ”‚   â”‚   â”‚   â”‚   â”‚   â”‚   â”‚   â”‚   [0mst.session_state.datas.ride.images_url.pop(i)  [31m [0m
[31m [0m                                                                                      [31m [0m
[31m [0m [2m/home/ubuntu/foirehdf/.venv/lib/python3.12/site-packages/streamlit/runtime/[0m[1mmetrics_u[0m [31m [0m
[31m [0m [1mtil.py[0m:410 in wrapped_func                                                           [31m [0m
[31m [0m                                                                                      [31m [0m
[31m [0m [2m/home/ubuntu/foirehdf/.venv/lib/python3.12/site-packages/streamlit/elements/[0m[1mimage.py[0m [31m [0m
[31m [0m :181 in image                                                                        [31m [0m
[31m [0m                                                                                      [31m [0m
[31m [0m [2m/home/ubuntu/foirehdf/.venv/lib/python3.12/site-packages/streamlit/elements/lib/[0m[1mimag[0m [31m [0m
[31m [0m [1me_utils.py[0m:442 in marshall_images                                                    [31m [0m
[31m [0m                                                                                      [31m [0m
[31m [0m [2m/home/ubuntu/foirehdf/.venv/lib/python3.12/site-packages/streamlit/elements/lib/[0m[1mimag[0m [31m [0m
[31m [0m [1me_utils.py[0m:333 in image_to_url                                                       [31m [0m
[31m [0m                                                                                      [31m [0m
[31m [0m [2m/home/ubuntu/foirehdf/.venv/lib/python3.12/site-packages/streamlit/elements/lib/[0m[1mimag[0m [31m [0m
[31m [0m [1me_utils.py[0m:116 in _validate_image_format_string                                      [31m [0m
[31m [0m                                                                                      [31m [0m
[31m [0m [2m/home/ubuntu/foirehdf/.venv/lib/python3.12/site-packages/streamlit/elements/lib/[0m[1mimag[0m [31m [0m
[31m [0m [1me_utils.py[0m:88 in _image_is_gif                                                       [31m [0m
[31mâ”€â”€â”€â”€â”€â”€â”€â”€â”€â”€â”€â”€â”€â”€â”€â”€â”€â”€â”€â”€â”€â”€â”€â”€â”€â”€â”€â”€â”€â”€â”€â”€â”€â”€â”€â”€â”€â”€â”€â”€â”€â”€â”€â”€â”€â”€â”€â”€â”€â”€â”€â”€â”€â”€â”€â”€â”€â”€â”€â”€â”€â”€â”€â”€â”€â”€â”€â”€â”€â”€â”€â”€â”€â”€â”€â”€â”€â”€â”€â”€â”€â”€â”€â”€â”€â”€â”€â”€[0m
[1;91mAttributeError: [0m[32m'HttpUrl'[0m object has no attribute [32m'format'[0m
[31mâ”€â”€[0m[31mâ”€â”€â”€â”€â”€â”€â”€â”€â”€â”€â”€â”€â”€â”€â”€â”€â”€â”€â”€â”€â”€â”€â”€â”€[0m[31m [0m[1;31mTraceback [0m[1;2;31m(most recent call last)[0m[31m [0m[31mâ”€â”€â”€â”€â”€â”€â”€â”€â”€â”€â”€â”€â”€â”€â”€â”€â”€â”€â”€â”€â”€â”€â”€â”€â”€[0m[31mâ”€â”€[0m
[31m [0m [2m/home/ubuntu/foirehdf/.venv/lib/python3.12/site-packages/streamlit/runtime/scriptrun[0m [31m [0m
[31m [0m [2mner/[0m[1mexec_code.py[0m:121 in exec_func_with_error_handling                                [31m [0m
[31m [0m                                                                                      [31m [0m
[31m [0m [2m/home/ubuntu/foirehdf/.venv/lib/python3.12/site-packages/streamlit/runtime/scriptrun[0m [31m [0m
[31m [0m [2mner/[0m[1mscript_runner.py[0m:640 in code_to_exec                                             [31m [0m
[31m [0m                                                                                      [31m [0m
[31m [0m [2m/home/ubuntu/foirehdf/[0m[1mapp.py[0m:68 in <module>                                          [31m [0m
[31m [0m                                                                                      [31m [0m
[31m [0m   [2m65 [0m                                                                                [31m [0m
[31m [0m   [2m66 [0m                                                                                [31m [0m
[31m [0m   [2m67 [0m                                                                                [31m [0m
[31m [0m [31mâ± [0m68 [1;4mpg.run()[0m                                                                        [31m [0m
[31m [0m   [2m69 [0m                                                                                [31m [0m
[31m [0m   [2m70 [0m                                                                                [31m [0m
[31m [0m   [2m71 [0mst.sidebar.toggle(                                                              [31m [0m
[31m [0m                                                                                      [31m [0m
[31m [0m [2m/home/ubuntu/foirehdf/.venv/lib/python3.12/site-packages/streamlit/navigation/[0m[1mpage.p[0m [31m [0m
[31m [0m [1my[0m:297 in run                                                                         [31m [0m
[31m [0m                                                                                      [31m [0m
[31m [0m [2m/home/ubuntu/foirehdf/pages/[0m[1mfair_edit.py[0m:81 in <module>                              [31m [0m
[31m [0m                                                                                      [31m [0m
[31m [0m   [2m78 [0m                                                                                [31m [0m
[31m [0m   [2m79 [0m                                                                                [31m [0m
[31m [0m   [2m80 [0m[94mif[0m [33m"[0m[33mfair_id[0m[33m"[0m [95min[0m st.session_state [95mand[0m st.session_state.fair_id:                  [31m [0m
[31m [0m [31mâ± [0m81 [2mâ”‚   [0m[1;4mfair_edit()[0m                                                                 [31m [0m
[31m [0m   [2m82 [0m[94melse[0m:                                                                           [31m [0m
[31m [0m   [2m83 [0m[2mâ”‚   [0mst.error([33m"[0m[33mno fair_id[0m[33m"[0m)                                                      [31m [0m
[31m [0m   [2m84 [0m[2mâ”‚   [0mst.page_link([33m"[0m[33mpages/fair_list.py[0m[33m"[0m)                                          [31m [0m
[31m [0m                                                                                      [31m [0m
[31m [0m [2m/home/ubuntu/foirehdf/pages/[0m[1mfair_edit.py[0m:13 in fair_edit                             [31m [0m
[31m [0m                                                                                      [31m [0m
[31m [0m   [2m10 [0m                                                                                [31m [0m
[31m [0m   [2m11 [0m[94mdef[0m[90m [0m[92mfair_edit[0m() -> [94mNone[0m:                                                        [31m [0m
[31m [0m   [2m12 [0m[2mâ”‚   [0m                                                                            [31m [0m
[31m [0m [31mâ± [0m13 [2mâ”‚   [0mfair: Fair = [1;4mget_fair(fair_id=st.session_state.fair_id)[0m                     [31m [0m
[31m [0m   [2m14 [0m[2mâ”‚   [0mrides_array: [96mdict[0m[[96mstr[0m, [96mlist[0m[[96mstr[0m]] = list_rides()                            [31m [0m
[31m [0m   [2m15 [0m[2mâ”‚   [0m                                                                            [31m [0m
[31m [0m   [2m16 [0m[2mâ”‚   [0mst.title(_([33m"[0m[33mFAIR_EDIT_FAIR[0m[33m"[0m))                                               [31m [0m
[31m [0m                                                                                      [31m [0m
[31m [0m [2m/home/ubuntu/foirehdf/backend/services/[0m[1mfair_service.py[0m:88 in get_fair                [31m [0m
[31m [0m                                                                                      [31m [0m
[31m [0m   [2m 85 [0m                                                                               [31m [0m
[31m [0m   [2m 86 [0m[94mdef[0m[90m [0m[92mget_fair[0m(fair_id: [96mstr[0m) -> Fair:                                            [31m [0m
[31m [0m   [2m 87 [0m[2;90mâ”‚   [0m[33m"""Get a fair by its id."""[0m                                                [31m [0m
[31m [0m [31mâ± [0m 88 [2mâ”‚   [0mresult = [1;4mdb.get(FairQuery.id == fair_id)[0m                                   [31m [0m
[31m [0m   [2m 89 [0m[2mâ”‚   [0m[94mif[0m result:                                                                 [31m [0m
[31m [0m   [2m 90 [0m[2mâ”‚   â”‚   [0m[94mreturn[0m Fair(**result)                                                  [31m [0m
[31m [0m   [2m 91 [0m[2mâ”‚   [0mmsg = [33m"[0m[33mFair with id does not exist[0m[33m"[0m                                        [31m [0m
[31m [0m                                                                                      [31m [0m
[31m [0m [2m/home/ubuntu/foirehdf/.venv/lib/python3.12/site-packages/tinydb/[0m[1mtable.py[0m:302 in get  [31m [0m
[31m [0m                                                                                      [31m [0m
[31m [0m   [2m299 [0m[2mâ”‚   â”‚   [0m                                                                       [31m [0m
[31m [0m   [2m300 [0m[2;33mâ”‚   â”‚   [0m[33m:returns: the document(s) or ``None``[0m                                  [31m [0m
[31m [0m   [2m301 [0m[2;33mâ”‚   â”‚   [0m[33m"""[0m                                                                    [31m [0m
[31m [0m [31mâ± [0m302 [2mâ”‚   â”‚   [0mtable = [1;4;96mself[0m[1;4m._read_table()[0m                                             [31m [0m
[31m [0m   [2m303 [0m[2mâ”‚   â”‚   [0m                                                                       [31m [0m
[31m [0m   [2m304 [0m[2mâ”‚   â”‚   [0m[94mif[0m doc_id [95mis[0m [95mnot[0m [94mNone[0m:                                                 [31m [0m
[31m [0m   [2m305 [0m[2mâ”‚   â”‚   â”‚   [0m[2m# Retrieve a document specified by its ID[0m                          [31m [0m
[31m [0m                                                                                      [31m [0m
[31m [0m [2m/home/ubuntu/foirehdf/.venv/lib/python3.12/site-packages/tinydb/[0m[1mtable.py[0m:708 in      [31m [0m
[31m [0m _read_table                                                                          [31m [0m
[31m [0m                                                                                      [31m [0m
[31m [0m   [2m705 [0m[2;33mâ”‚   â”‚   [0m[33m"""[0m                                                                    [31m [0m
[31m [0m   [2m706 [0m[2mâ”‚   â”‚   [0m                                                                       [31m [0m
[31m [0m   [2m707 [0m[2mâ”‚   â”‚   [0m[2m# Retrieve the tables from the storage[0m                                 [31m [0m
[31m [0m [31mâ± [0m708 [2mâ”‚   â”‚   [0mtables = [1;4;96mself[0m[1;4m._storage.read()[0m                                          [31m [0m
[31m [0m   [2m709 [0m[2mâ”‚   â”‚   [0m                                                                       [31m [0m
[31m [0m   [2m710 [0m[2mâ”‚   â”‚   [0m[94mif[0m tables [95mis[0m [94mNone[0m:                                                     [31m [0m
[31m [0m   [2m711 [0m[2mâ”‚   â”‚   â”‚   [0m[2m# The database is empty[0m                                            [31m [0m
[31m [0m                                                                                      [31m [0m
[31m [0m [2m/home/ubuntu/foirehdf/.venv/lib/python3.12/site-packages/tinydb/[0m[1mstorages.py[0m:136 in   [31m [0m
[31m [0m read                                                                                 [31m [0m
[31m [0m                                                                                      [31m [0m
[31m [0m   [2m133 [0m[2mâ”‚   â”‚   â”‚   [0m[96mself[0m._handle.seek([94m0[0m)                                               [31m [0m
[31m [0m   [2m134 [0m[2mâ”‚   â”‚   â”‚   [0m                                                                   [31m [0m
[31m [0m   [2m135 [0m[2mâ”‚   â”‚   â”‚   [0m[2m# Load the JSON contents of the file[0m                               [31m [0m
[31m [0m [31mâ± [0m136 [2mâ”‚   â”‚   â”‚   [0m[94mreturn[0m [1;4mjson.load([0m[1;4;96mself[0m[1;4m._handle)[0m                                     [31m [0m
[31m [0m   [2m137 [0m[2mâ”‚   [0m                                                                           [31m [0m
[31m [0m   [2m138 [0m[2mâ”‚   [0m[94mdef[0m[90m [0m[92mwrite[0m([96mself[0m, data: Dict[[96mstr[0m, Dict[[96mstr[0m, Any]]):                          [31m [0m
[31m [0m   [2m139 [0m[2mâ”‚   â”‚   [0m[2m# Move the cursor to the beginning of the file just in case[0m            [31m [0m
[31m [0m                                                                                      [31m [0m
[31m [0m [2m/usr/lib/python3.12/json/[0m[1m__init__.py[0m:293 in load                                     [31m [0m
[31m [0m                                                                                      [31m [0m
[31m [0m   [2m290 [0m[2;33mâ”‚   [0m[33mTo use a custom ``JSONDecoder`` subclass, specify it with the ``cls``[0m      [31m [0m
[31m [0m   [2m291 [0m[2;33mâ”‚   [0m[33mkwarg; otherwise ``JSONDecoder`` is used.[0m                                  [31m [0m
[31m [0m   [2m292 [0m[2;33mâ”‚   [0m[33m"""[0m                                                                        [31m [0m
[31m [0m [31mâ± [0m293 [2mâ”‚   [0m[94mreturn[0m [1;4mloads(fp.read(),[0m                                                    [31m [0m
[31m [0m   [2m294 [0m[2mâ”‚   â”‚   [0m[1;4;96mcls[0m[1;4m=[0m[1;4;96mcls[0m[1;4m, object_hook=object_hook,[0m                                      [31m [0m
[31m [0m   [2m295 [0m[2mâ”‚   â”‚   [0m[1;4mparse_float=parse_float, parse_int=parse_int,[0m                          [31m [0m
[31m [0m   [2m296 [0m[2mâ”‚   â”‚   [0m[1;4mparse_constant=parse_constant, object_pairs_hook=object_pairs_hook, **[0m [31m [0m
[31m [0m                                                                                      [31m [0m
[31m [0m [2m/usr/lib/python3.12/json/[0m[1m__init__.py[0m:346 in loads                                    [31m [0m
[31m [0m                                                                                      [31m [0m
[31m [0m   [2m343 [0m[2mâ”‚   [0m[94mif[0m ([96mcls[0m [95mis[0m [94mNone[0m [95mand[0m object_hook [95mis[0m [94mNone[0m [95mand[0m                                [31m [0m
[31m [0m   [2m344 [0m[2mâ”‚   â”‚   â”‚   [0mparse_int [95mis[0m [94mNone[0m [95mand[0m parse_float [95mis[0m [94mNone[0m [95mand[0m                      [31m [0m
[31m [0m   [2m345 [0m[2mâ”‚   â”‚   â”‚   [0mparse_constant [95mis[0m [94mNone[0m [95mand[0m object_pairs_hook [95mis[0m [94mNone[0m [95mand[0m [95mnot[0m kw):  [31m [0m
[31m [0m [31mâ± [0m346 [2mâ”‚   â”‚   [0m[94mreturn[0m [1;4m_default_decoder.decode(s)[0m                                      [31m [0m
[31m [0m   [2m347 [0m[2mâ”‚   [0m[94mif[0m [96mcls[0m [95mis[0m [94mNone[0m:                                                            [31m [0m
[31m [0m   [2m348 [0m[2mâ”‚   â”‚   [0m[96mcls[0m = JSONDecoder                                                      [31m [0m
[31m [0m   [2m349 [0m[2mâ”‚   [0m[94mif[0m object_hook [95mis[0m [95mnot[0m [94mNone[0m:                                                [31m [0m
[31m [0m                                                                                      [31m [0m
[31m [0m [2m/usr/lib/python3.12/json/[0m[1mdecoder.py[0m:337 in decode                                    [31m [0m
[31m [0m                                                                                      [31m [0m
[31m [0m   [2m334 [0m[2;33mâ”‚   â”‚   [0m[33mcontaining a JSON document).[0m                                           [31m [0m
[31m [0m   [2m335 [0m[2mâ”‚   â”‚   [0m                                                                       [31m [0m
[31m [0m   [2m336 [0m[2;33mâ”‚   â”‚   [0m[33m"""[0m                                                                    [31m [0m
[31m [0m [31mâ± [0m337 [2mâ”‚   â”‚   [0mobj, end = [1;4;96mself[0m[1;4m.raw_decode(s, idx=_w(s, [0m[1;4;94m0[0m[1;4m).end())[0m                      [31m [0m
[31m [0m   [2m338 [0m[2mâ”‚   â”‚   [0mend = _w(s, end).end()                                                 [31m [0m
[31m [0m   [2m339 [0m[2mâ”‚   â”‚   [0m[94mif[0m end != [96mlen[0m(s):                                                      [31m [0m
[31m [0m   [2m340 [0m[2mâ”‚   â”‚   â”‚   [0m[94mraise[0m JSONDecodeError([33m"[0m[33mExtra data[0m[33m"[0m, s, end)                        [31m [0m
[31m [0m                                                                                      [31m [0m
[31m [0m [2m/usr/lib/python3.12/json/[0m[1mdecoder.py[0m:353 in raw_decode                                [31m [0m
[31m [0m                                                                                      [31m [0m
[31m [0m   [2m350 [0m[2mâ”‚   â”‚   [0m                                                                       [31m [0m
[31m [0m   [2m351 [0m[2;33mâ”‚   â”‚   [0m[33m"""[0m                                                                    [31m [0m
[31m [0m   [2m352 [0m[2mâ”‚   â”‚   [0m[94mtry[0m:                                                                   [31m [0m
[31m [0m [31mâ± [0m353 [2mâ”‚   â”‚   â”‚   [0mobj, end = [96mself[0m.scan_once(s, idx)                                  [31m [0m
[31m [0m   [2m354 [0m[2mâ”‚   â”‚   [0m[1;4;94mexcept[0m[1;4m [0m[1;4;96mStopIteration[0m[1;4m [0m[1;4;94mas[0m[1;4m err:[0m                                           [31m [0m
[31m [0m   [2m355 [0m[2mâ”‚   â”‚   â”‚   [0m[1;4;94mraise[0m[1;4m JSONDecodeError([0m[1;4;33m"[0m[1;4;33mExpecting value[0m[1;4;33m"[0m[1;4m, s, err.value) [0m[1;4;94mfrom[0m[1;4;90m [0m[1;4;94mNone[0m   [31m [0m
[31m [0m   [2m356 [0m[2mâ”‚   â”‚   [0m[94mreturn[0m obj, end                                                        [31m [0m
[31mâ”€â”€â”€â”€â”€â”€â”€â”€â”€â”€â”€â”€â”€â”€â”€â”€â”€â”€â”€â”€â”€â”€â”€â”€â”€â”€â”€â”€â”€â”€â”€â”€â”€â”€â”€â”€â”€â”€â”€â”€â”€â”€â”€â”€â”€â”€â”€â”€â”€â”€â”€â”€â”€â”€â”€â”€â”€â”€â”€â”€â”€â”€â”€â”€â”€â”€â”€â”€â”€â”€â”€â”€â”€â”€â”€â”€â”€â”€â”€â”€â”€â”€â”€â”€â”€â”€â”€â”€[0m
[1;91mJSONDecodeError: [0mExpecting [32m','[0m delimiter: line [1;36m1[0m column [1;36m37395[0m [1m([0mchar [1;36m37394[0m[1m)[0m
[31mâ”€â”€[0m[31mâ”€â”€â”€â”€â”€â”€â”€â”€â”€â”€â”€â”€â”€â”€â”€â”€â”€â”€â”€â”€â”€â”€â”€â”€[0m[31m [0m[1;31mTraceback [0m[1;2;31m(most recent call last)[0m[31m [0m[31mâ”€â”€â”€â”€â”€â”€â”€â”€â”€â”€â”€â”€â”€â”€â”€â”€â”€â”€â”€â”€â”€â”€â”€â”€â”€[0m[31mâ”€â”€[0m
[31m [0m [2m/home/ubuntu/foirehdf/.venv/lib/python3.12/site-packages/streamlit/runtime/scriptrun[0m [31m [0m
[31m [0m [2mner/[0m[1mexec_code.py[0m:121 in exec_func_with_error_handling                                [31m [0m
[31m [0m                                                                                      [31m [0m
[31m [0m [2m/home/ubuntu/foirehdf/.venv/lib/python3.12/site-packages/streamlit/runtime/scriptrun[0m [31m [0m
[31m [0m [2mner/[0m[1mscript_runner.py[0m:640 in code_to_exec                                             [31m [0m
[31m [0m                                                                                      [31m [0m
[31m [0m [2m/home/ubuntu/foirehdf/[0m[1mapp.py[0m:68 in <module>                                          [31m [0m
[31m [0m                                                                                      [31m [0m
[31m [0m   [2m65 [0m                                                                                [31m [0m
[31m [0m   [2m66 [0m                                                                                [31m [0m
[31m [0m   [2m67 [0m                                                                                [31m [0m
[31m [0m [31mâ± [0m68 [1;4mpg.run()[0m                                                                        [31m [0m
[31m [0m   [2m69 [0m                                                                                [31m [0m
[31m [0m   [2m70 [0m                                                                                [31m [0m
[31m [0m   [2m71 [0mst.sidebar.toggle(                                                              [31m [0m
[31m [0m                                                                                      [31m [0m
[31m [0m [2m/home/ubuntu/foirehdf/.venv/lib/python3.12/site-packages/streamlit/navigation/[0m[1mpage.p[0m [31m [0m
[31m [0m [1my[0m:297 in run                                                                         [31m [0m
[31m [0m                                                                                      [31m [0m
[31m [0m [2m/home/ubuntu/foirehdf/pages/[0m[1mride_list.py[0m:9 in <module>                               [31m [0m
[31m [0m                                                                                      [31m [0m
[31m [0m   [2m 6 [0m[94mfrom[0m[90m [0m[4;96mbackend[0m[4;96m.[0m[4;96mmodels[0m[4;96m.[0m[4;96mride_model[0m[90m [0m[94mimport[0m RideType                                  [31m [0m
[31m [0m   [2m 7 [0m[94mfrom[0m[90m [0m[4;96mbackend[0m[4;96m.[0m[4;96mservices[0m[4;96m.[0m[4;96mmanufacturer_service[0m[90m [0m[94mimport[0m list_manufacturers            [31m [0m
[31m [0m   [2m 8 [0m[94mfrom[0m[90m [0m[4;96mbackend[0m[4;96m.[0m[4;96mservices[0m[4;96m.[0m[4;96mride_service[0m[90m [0m[94mimport[0m list_rides                            [31m [0m
[31m [0m [31mâ± [0m 9 [1;4;94mfrom[0m[1;4;90m [0m[1;4;96mcomponents[0m[1;4;96m.[0m[1;4;96mdisplay_ride_in_list[0m[1;4;90m [0m[1;4;94mimport[0m[1;4m display_ride_as_item_in_list[0m        [31m [0m
[31m [0m   [2m10 [0m[94mfrom[0m[90m [0m[4;96mpages[0m[4;96m.[0m[4;96mform_input[0m[90m [0m[94mimport[0m DotDict                                            [31m [0m
[31m [0m   [2m11 [0m                                                                                [31m [0m
[31m [0m   [2m12 [0m                                                                                [31m [0m
[31mâ”€â”€â”€â”€â”€â”€â”€â”€â”€â”€â”€â”€â”€â”€â”€â”€â”€â”€â”€â”€â”€â”€â”€â”€â”€â”€â”€â”€â”€â”€â”€â”€â”€â”€â”€â”€â”€â”€â”€â”€â”€â”€â”€â”€â”€â”€â”€â”€â”€â”€â”€â”€â”€â”€â”€â”€â”€â”€â”€â”€â”€â”€â”€â”€â”€â”€â”€â”€â”€â”€â”€â”€â”€â”€â”€â”€â”€â”€â”€â”€â”€â”€â”€â”€â”€â”€â”€â”€[0m
[91mâ”€â”€â”€â”€â”€â”€â”€â”€â”€â”€â”€â”€â”€â”€â”€â”€â”€â”€â”€â”€â”€â”€â”€â”€â”€â”€â”€â”€â”€â”€â”€â”€â”€â”€â”€â”€â”€â”€â”€â”€â”€â”€â”€â”€â”€â”€â”€â”€â”€â”€â”€â”€â”€â”€â”€â”€â”€â”€â”€â”€â”€â”€â”€â”€â”€â”€â”€â”€â”€â”€â”€â”€â”€â”€â”€â”€â”€â”€â”€â”€â”€â”€â”€â”€â”€â”€â”€â”€[0m
[91m [0m [2m /home/ubuntu/foirehdf/components/[0m[1mdisplay_ride_in_list.py[0m[1m:[0m[1m30[0m                         [91m [0m
[91m [0m                         [1m{[0m% if ride.description %[1m}[0m                                    [91m [0m
[91m [0m                          [1;91mâ–²[0m                                                           [91m [0m
[91mâ”€â”€â”€â”€â”€â”€â”€â”€â”€â”€â”€â”€â”€â”€â”€â”€â”€â”€â”€â”€â”€â”€â”€â”€â”€â”€â”€â”€â”€â”€â”€â”€â”€â”€â”€â”€â”€â”€â”€â”€â”€â”€â”€â”€â”€â”€â”€â”€â”€â”€â”€â”€â”€â”€â”€â”€â”€â”€â”€â”€â”€â”€â”€â”€â”€â”€â”€â”€â”€â”€â”€â”€â”€â”€â”€â”€â”€â”€â”€â”€â”€â”€â”€â”€â”€â”€â”€â”€[0m
[1;91mSyntaxError: [0mf-string: expecting a valid expression after [32m'[0m[32m{[0m[32m'[0m
[31mâ”€â”€[0m[31mâ”€â”€â”€â”€â”€â”€â”€â”€â”€â”€â”€â”€â”€â”€â”€â”€â”€â”€â”€â”€â”€â”€â”€â”€[0m[31m [0m[1;31mTraceback [0m[1;2;31m(most recent call last)[0m[31m [0m[31mâ”€â”€â”€â”€â”€â”€â”€â”€â”€â”€â”€â”€â”€â”€â”€â”€â”€â”€â”€â”€â”€â”€â”€â”€â”€[0m[31mâ”€â”€[0m
[31m [0m [2m/home/ubuntu/foirehdf/.venv/lib/python3.12/site-packages/streamlit/runtime/scriptrun[0m [31m [0m
[31m [0m [2mner/[0m[1mexec_code.py[0m:121 in exec_func_with_error_handling                                [31m [0m
[31m [0m                                                                                      [31m [0m
[31m [0m [2m/home/ubuntu/foirehdf/.venv/lib/python3.12/site-packages/streamlit/runtime/scriptrun[0m [31m [0m
[31m [0m [2mner/[0m[1mscript_runner.py[0m:640 in code_to_exec                                             [31m [0m
[31m [0m                                                                                      [31m [0m
[31m [0m [2m/home/ubuntu/foirehdf/[0m[1mapp.py[0m:68 in <module>                                          [31m [0m
[31m [0m                                                                                      [31m [0m
[31m [0m   [2m65 [0m                                                                                [31m [0m
[31m [0m   [2m66 [0m                                                                                [31m [0m
[31m [0m   [2m67 [0m                                                                                [31m [0m
[31m [0m [31mâ± [0m68 [1;4mpg.run()[0m                                                                        [31m [0m
[31m [0m   [2m69 [0m                                                                                [31m [0m
[31m [0m   [2m70 [0m                                                                                [31m [0m
[31m [0m   [2m71 [0mst.sidebar.toggle(                                                              [31m [0m
[31m [0m                                                                                      [31m [0m
[31m [0m [2m/home/ubuntu/foirehdf/.venv/lib/python3.12/site-packages/streamlit/navigation/[0m[1mpage.p[0m [31m [0m
[31m [0m [1my[0m:297 in run                                                                         [31m [0m
[31m [0m                                                                                      [31m [0m
[31m [0m [2m/home/ubuntu/foirehdf/pages/[0m[1mmanufacturer_list.py[0m:19 in <module>                      [31m [0m
[31m [0m                                                                                      [31m [0m
[31m [0m   [2m16 [0m                                                                                [31m [0m
[31m [0m   [2m17 [0m                                                                                [31m [0m
[31m [0m   [2m18 [0m[1;95m@st[0m.dialog(_([33m"[0m[33mMANUFACTURER_LIST_DELETE_MANUFACTURER[0m[33m"[0m))                          [31m [0m
[31m [0m [31mâ± [0m19 [94mdef[0m[90m [0m[92mdelete_manufacturer_dialog[0m(manufacturer: [1;4mManufacturerDto[0m) -> [94mNone[0m:          [31m [0m
[31m [0m   [2m20 [0m[2mâ”‚   [0mst.subheader(_([33m"[0m[33mMANUFACTURER_LIST_DELETE_A_MANUFACTURER[0m[33m"[0m))                  [31m [0m
[31m [0m   [2m21 [0m[2mâ”‚   [0mst.write([33mf[0m[33m"[0m[33m{[0m_([33m'[0m[33mMANUFACTURER_LIST_ARE_YOU_SURE_TO_DELETE[0m[33m'[0m)[33m}[0m[33m [0m[33m{[0mmanufacturer.na [31m [0m
[31m [0m   [2m22 [0m[2mâ”‚   [0m[94mif[0m st.button(_([33m"[0m[33mDELETE[0m[33m"[0m)):                                                  [31m [0m
[31mâ”€â”€â”€â”€â”€â”€â”€â”€â”€â”€â”€â”€â”€â”€â”€â”€â”€â”€â”€â”€â”€â”€â”€â”€â”€â”€â”€â”€â”€â”€â”€â”€â”€â”€â”€â”€â”€â”€â”€â”€â”€â”€â”€â”€â”€â”€â”€â”€â”€â”€â”€â”€â”€â”€â”€â”€â”€â”€â”€â”€â”€â”€â”€â”€â”€â”€â”€â”€â”€â”€â”€â”€â”€â”€â”€â”€â”€â”€â”€â”€â”€â”€â”€â”€â”€â”€â”€â”€[0m
[1;91mNameError: [0mname [32m'ManufacturerDto'[0m is not defined
[31mâ”€â”€[0m[31mâ”€â”€â”€â”€â”€â”€â”€â”€â”€â”€â”€â”€â”€â”€â”€â”€â”€â”€â”€â”€â”€â”€â”€â”€[0m[31m [0m[1;31mTraceback [0m[1;2;31m(most recent call last)[0m[31m [0m[31mâ”€â”€â”€â”€â”€â”€â”€â”€â”€â”€â”€â”€â”€â”€â”€â”€â”€â”€â”€â”€â”€â”€â”€â”€â”€[0m[31mâ”€â”€[0m
[31m [0m [2m/home/ubuntu/foirehdf/.venv/lib/python3.12/site-packages/streamlit/runtime/scriptrun[0m [31m [0m
[31m [0m [2mner/[0m[1mexec_code.py[0m:121 in exec_func_with_error_handling                                [31m [0m
[31m [0m                                                                                      [31m [0m
[31m [0m [2m/home/ubuntu/foirehdf/.venv/lib/python3.12/site-packages/streamlit/runtime/scriptrun[0m [31m [0m
[31m [0m [2mner/[0m[1mscript_runner.py[0m:640 in code_to_exec                                             [31m [0m
[31m [0m                                                                                      [31m [0m
[31m [0m [2m/home/ubuntu/foirehdf/[0m[1mapp.py[0m:68 in <module>                                          [31m [0m
[31m [0m                                                                                      [31m [0m
[31m [0m   [2m65 [0m                                                                                [31m [0m
[31m [0m   [2m66 [0m                                                                                [31m [0m
[31m [0m   [2m67 [0m                                                                                [31m [0m
[31m [0m [31mâ± [0m68 [1;4mpg.run()[0m                                                                        [31m [0m
[31m [0m   [2m69 [0m                                                                                [31m [0m
[31m [0m   [2m70 [0m                                                                                [31m [0m
[31m [0m   [2m71 [0mst.sidebar.toggle(                                                              [31m [0m
[31m [0m                                                                                      [31m [0m
[31m [0m [2m/home/ubuntu/foirehdf/.venv/lib/python3.12/site-packages/streamlit/navigation/[0m[1mpage.p[0m [31m [0m
[31m [0m [1my[0m:297 in run                                                                         [31m [0m
[31m [0m                                                                                      [31m [0m
[31m [0m [2m/home/ubuntu/foirehdf/pages/[0m[1mmanufacturer_list.py[0m:19 in <module>                      [31m [0m
[31m [0m                                                                                      [31m [0m
[31m [0m   [2m16 [0m                                                                                [31m [0m
[31m [0m   [2m17 [0m                                                                                [31m [0m
[31m [0m   [2m18 [0m[1;95m@st[0m.dialog(_([33m"[0m[33mMANUFACTURER_LIST_DELETE_MANUFACTURER[0m[33m"[0m))                          [31m [0m
[31m [0m [31mâ± [0m19 [94mdef[0m[90m [0m[92mdelete_manufacturer_dialog[0m(manufacturer: [1;4mManufacturerDto[0m) -> [94mNone[0m:          [31m [0m
[31m [0m   [2m20 [0m[2mâ”‚   [0mst.subheader(_([33m"[0m[33mMANUFACTURER_LIST_DELETE_A_MANUFACTURER[0m[33m"[0m))                  [31m [0m
[31m [0m   [2m21 [0m[2mâ”‚   [0mst.write([33mf[0m[33m"[0m[33m{[0m_([33m'[0m[33mMANUFACTURER_LIST_ARE_YOU_SURE_TO_DELETE[0m[33m'[0m)[33m}[0m[33m [0m[33m{[0mmanufacturer.na [31m [0m
[31m [0m   [2m22 [0m[2mâ”‚   [0m[94mif[0m st.button(_([33m"[0m[33mDELETE[0m[33m"[0m)):                                                  [31m [0m
[31mâ”€â”€â”€â”€â”€â”€â”€â”€â”€â”€â”€â”€â”€â”€â”€â”€â”€â”€â”€â”€â”€â”€â”€â”€â”€â”€â”€â”€â”€â”€â”€â”€â”€â”€â”€â”€â”€â”€â”€â”€â”€â”€â”€â”€â”€â”€â”€â”€â”€â”€â”€â”€â”€â”€â”€â”€â”€â”€â”€â”€â”€â”€â”€â”€â”€â”€â”€â”€â”€â”€â”€â”€â”€â”€â”€â”€â”€â”€â”€â”€â”€â”€â”€â”€â”€â”€â”€â”€[0m
[1;91mNameError: [0mname [32m'ManufacturerDto'[0m is not defined
  Stopping...

Collecting usage statistics. To deactivate, set browser.gatherUsageStats to false.


  You can now view your Streamlit app in your browser.

  Local URL: http://localhost:8501
  Network URL: http://51.178.26.35:8501
  External URL: http://51.178.26.35:8501

[31mâ”€â”€[0m[31mâ”€â”€â”€â”€â”€â”€â”€â”€â”€â”€â”€â”€â”€â”€â”€â”€â”€â”€â”€â”€â”€â”€â”€â”€[0m[31m [0m[1;31mTraceback [0m[1;2;31m(most recent call last)[0m[31m [0m[31mâ”€â”€â”€â”€â”€â”€â”€â”€â”€â”€â”€â”€â”€â”€â”€â”€â”€â”€â”€â”€â”€â”€â”€â”€â”€[0m[31mâ”€â”€[0m
[31m [0m [2m/home/ubuntu/foirehdf/.venv/lib/python3.12/site-packages/streamlit/runtime/caching/[0m[1mh[0m [31m [0m
[31m [0m [1mashing.py[0m:625 in _to_bytes                                                           [31m [0m
[31m [0m                                                                                      [31m [0m
[31m [0m [2m/usr/lib/python3.12/[0m[1mcopyreg.py[0m:70 in _reduce_ex                                      [31m [0m
[31m [0m                                                                                      [31m [0m
[31m [0m   [2m 67 [0m[2mâ”‚   â”‚   [0mstate = [94mNone[0m                                                           [31m [0m
[31m [0m   [2m 68 [0m[2mâ”‚   [0m[94melse[0m:                                                                      [31m [0m
[31m [0m   [2m 69 [0m[2mâ”‚   â”‚   [0m[94mif[0m base [95mis[0m [96mcls[0m:                                                        [31m [0m
[31m [0m [31mâ± [0m 70 [2mâ”‚   â”‚   â”‚   [0m[1;4;94mraise[0m[1;4m [0m[1;4;96mTypeError[0m[1;4m([0m[1;4;33mf[0m[1;4;33m"[0m[1;4;33mcannot pickle [0m[1;4;33m{[0m[1;4;96mcls[0m[1;4m.[0m[1;4;91m__name__[0m[1;4;33m!r}[0m[1;4;33m object[0m[1;4;33m"[0m[1;4m)[0m          [31m [0m
[31m [0m   [2m 71 [0m[2mâ”‚   â”‚   [0mstate = base([96mself[0m)                                                     [31m [0m
[31m [0m   [2m 72 [0m[2mâ”‚   [0margs = ([96mcls[0m, base, state)                                                  [31m [0m
[31m [0m   [2m 73 [0m[2mâ”‚   [0m[94mtry[0m:                                                                       [31m [0m
[31mâ”€â”€â”€â”€â”€â”€â”€â”€â”€â”€â”€â”€â”€â”€â”€â”€â”€â”€â”€â”€â”€â”€â”€â”€â”€â”€â”€â”€â”€â”€â”€â”€â”€â”€â”€â”€â”€â”€â”€â”€â”€â”€â”€â”€â”€â”€â”€â”€â”€â”€â”€â”€â”€â”€â”€â”€â”€â”€â”€â”€â”€â”€â”€â”€â”€â”€â”€â”€â”€â”€â”€â”€â”€â”€â”€â”€â”€â”€â”€â”€â”€â”€â”€â”€â”€â”€â”€â”€[0m
[1;91mTypeError: [0mcannot pickle [32m'function'[0m object

[3mThe above exception was the direct cause of the following exception:[0m

[31mâ”€â”€[0m[31mâ”€â”€â”€â”€â”€â”€â”€â”€â”€â”€â”€â”€â”€â”€â”€â”€â”€â”€â”€â”€â”€â”€â”€â”€[0m[31m [0m[1;31mTraceback [0m[1;2;31m(most recent call last)[0m[31m [0m[31mâ”€â”€â”€â”€â”€â”€â”€â”€â”€â”€â”€â”€â”€â”€â”€â”€â”€â”€â”€â”€â”€â”€â”€â”€â”€[0m[31mâ”€â”€[0m
[31m [0m [2m/home/ubuntu/foirehdf/.venv/lib/python3.12/site-packages/streamlit/runtime/caching/[0m[1mc[0m [31m [0m
[31m [0m [1mache_utils.py[0m:450 in _make_value_key                                                 [31m [0m
[31m [0m                                                                                      [31m [0m
[31m [0m [2m/home/ubuntu/foirehdf/.venv/lib/python3.12/site-packages/streamlit/runtime/caching/[0m[1mh[0m [31m [0m
[31m [0m [1mashing.py[0m:162 in update_hash                                                         [31m [0m
[31m [0m                                                                                      [31m [0m
[31m [0m [2m/home/ubuntu/foirehdf/.venv/lib/python3.12/site-packages/streamlit/runtime/caching/[0m[1mh[0m [31m [0m
[31m [0m [1mashing.py[0m:345 in update                                                              [31m [0m
[31m [0m                                                                                      [31m [0m
[31m [0m [2m/home/ubuntu/foirehdf/.venv/lib/python3.12/site-packages/streamlit/runtime/caching/[0m[1mh[0m [31m [0m
[31m [0m [1mashing.py[0m:327 in to_bytes                                                            [31m [0m
[31m [0m                                                                                      [31m [0m
[31m [0m [2m/home/ubuntu/foirehdf/.venv/lib/python3.12/site-packages/streamlit/runtime/caching/[0m[1mh[0m [31m [0m
[31m [0m [1mashing.py[0m:630 in _to_bytes                                                           [31m [0m
[31m [0m                                                                                      [31m [0m
[31m [0m [2m/home/ubuntu/foirehdf/.venv/lib/python3.12/site-packages/streamlit/runtime/caching/[0m[1mh[0m [31m [0m
[31m [0m [1mashing.py[0m:345 in update                                                              [31m [0m
[31m [0m                                                                                      [31m [0m
[31m [0m [2m/home/ubuntu/foirehdf/.venv/lib/python3.12/site-packages/streamlit/runtime/caching/[0m[1mh[0m [31m [0m
[31m [0m [1mashing.py[0m:327 in to_bytes                                                            [31m [0m
[31m [0m                                                                                      [31m [0m
[31m [0m [2m/home/ubuntu/foirehdf/.venv/lib/python3.12/site-packages/streamlit/runtime/caching/[0m[1mh[0m [31m [0m
[31m [0m [1mashing.py[0m:627 in _to_bytes                                                           [31m [0m
[31mâ”€â”€â”€â”€â”€â”€â”€â”€â”€â”€â”€â”€â”€â”€â”€â”€â”€â”€â”€â”€â”€â”€â”€â”€â”€â”€â”€â”€â”€â”€â”€â”€â”€â”€â”€â”€â”€â”€â”€â”€â”€â”€â”€â”€â”€â”€â”€â”€â”€â”€â”€â”€â”€â”€â”€â”€â”€â”€â”€â”€â”€â”€â”€â”€â”€â”€â”€â”€â”€â”€â”€â”€â”€â”€â”€â”€â”€â”€â”€â”€â”€â”€â”€â”€â”€â”€â”€â”€[0m
[1;91mUnhashableTypeError[0m

[3mDuring handling of the above exception, another exception occurred:[0m

[31mâ”€â”€[0m[31mâ”€â”€â”€â”€â”€â”€â”€â”€â”€â”€â”€â”€â”€â”€â”€â”€â”€â”€â”€â”€â”€â”€â”€â”€[0m[31m [0m[1;31mTraceback [0m[1;2;31m(most recent call last)[0m[31m [0m[31mâ”€â”€â”€â”€â”€â”€â”€â”€â”€â”€â”€â”€â”€â”€â”€â”€â”€â”€â”€â”€â”€â”€â”€â”€â”€[0m[31mâ”€â”€[0m
[31m [0m [2m/home/ubuntu/foirehdf/.venv/lib/python3.12/site-packages/streamlit/runtime/scriptrun[0m [31m [0m
[31m [0m [2mner/[0m[1mexec_code.py[0m:121 in exec_func_with_error_handling                                [31m [0m
[31m [0m                                                                                      [31m [0m
[31m [0m [2m/home/ubuntu/foirehdf/.venv/lib/python3.12/site-packages/streamlit/runtime/scriptrun[0m [31m [0m
[31m [0m [2mner/[0m[1mscript_runner.py[0m:640 in code_to_exec                                             [31m [0m
[31m [0m                                                                                      [31m [0m
[31m [0m [2m/home/ubuntu/foirehdf/[0m[1mapp.py[0m:68 in <module>                                          [31m [0m
[31m [0m                                                                                      [31m [0m
[31m [0m   [2m65 [0m                                                                                [31m [0m
[31m [0m   [2m66 [0m                                                                                [31m [0m
[31m [0m   [2m67 [0m                                                                                [31m [0m
[31m [0m [31mâ± [0m68 [1;4mpg.run()[0m                                                                        [31m [0m
[31m [0m   [2m69 [0m                                                                                [31m [0m
[31m [0m   [2m70 [0m                                                                                [31m [0m
[31m [0m   [2m71 [0mst.sidebar.toggle(                                                              [31m [0m
[31m [0m                                                                                      [31m [0m
[31m [0m [2m/home/ubuntu/foirehdf/.venv/lib/python3.12/site-packages/streamlit/navigation/[0m[1mpage.p[0m [31m [0m
[31m [0m [1my[0m:297 in run                                                                         [31m [0m
[31m [0m                                                                                      [31m [0m
[31m [0m [2m/home/ubuntu/foirehdf/pages/[0m[1mfair_view.py[0m:101 in <module>                             [31m [0m
[31m [0m                                                                                      [31m [0m
[31m [0m   [2m 98 [0m                                                                               [31m [0m
[31m [0m   [2m 99 [0m                                                                               [31m [0m
[31m [0m   [2m100 [0m[94mif[0m [33m"[0m[33mfair_id[0m[33m"[0m [95min[0m st.session_state [95mand[0m st.session_state.fair_id:                 [31m [0m
[31m [0m [31mâ± [0m101 [2mâ”‚   [0m[1;4mfair_view()[0m                                                                [31m [0m
[31m [0m   [2m102 [0m[94melse[0m:                                                                          [31m [0m
[31m [0m   [2m103 [0m[2mâ”‚   [0mst.error([33m"[0m[33mno fair_id[0m[33m"[0m)                                                     [31m [0m
[31m [0m   [2m104 [0m[2mâ”‚   [0mst.page_link([33m"[0m[33mpages/fair_list.py[0m[33m"[0m)                                         [31m [0m
[31m [0m                                                                                      [31m [0m
[31m [0m [2m/home/ubuntu/foirehdf/pages/[0m[1mfair_view.py[0m:97 in fair_view                             [31m [0m
[31m [0m                                                                                      [31m [0m
[31m [0m   [2m 94 [0m[2mâ”‚   [0m[94mfor[0m ride_id [95min[0m fair.rides:                                                 [31m [0m
[31m [0m   [2m 95 [0m[2mâ”‚   â”‚   [0mride = get_ride_by_id(ride_id=ride_id)                                 [31m [0m
[31m [0m   [2m 96 [0m[2mâ”‚   â”‚   [0m[94mif[0m ride:                                                               [31m [0m
[31m [0m [31mâ± [0m 97 [2mâ”‚   â”‚   â”‚   [0m[1;4mdisplay_ride_as_item_in_list(_, st, ride)[0m                          [31m [0m
[31m [0m   [2m 98 [0m                                                                               [31m [0m
[31m [0m   [2m 99 [0m                                                                               [31m [0m
[31m [0m   [2m100 [0m[94mif[0m [33m"[0m[33mfair_id[0m[33m"[0m [95min[0m st.session_state [95mand[0m st.session_state.fair_id:                 [31m [0m
[31m [0m                                                                                      [31m [0m
[31m [0m [2m/home/ubuntu/foirehdf/components/[0m[1mdisplay_ride_in_list.py[0m:51 in                       [31m [0m
[31m [0m display_ride_as_item_in_list                                                         [31m [0m
[31m [0m                                                                                      [31m [0m
[31m [0m   [2m48 [0m[2mâ”‚   â”‚   â”‚   â”‚   [0mst.switch_page([33m"[0m[33mpages/ride_view.py[0m[33m"[0m)                            [31m [0m
[31m [0m   [2m49 [0m[2mâ”‚   â”‚   â”‚   [0m                                                                    [31m [0m
[31m [0m   [2m50 [0m[2mâ”‚   â”‚   â”‚   [0m[94mif[0m [96mlen[0m(ride.images_url):                                            [31m [0m
[31m [0m [31mâ± [0m51 [2mâ”‚   â”‚   â”‚   â”‚   [0mimage = [1;4mfetch_cached_image(ride.images_url[[0m[1;4;94m0[0m[1;4m])[0m                  [31m [0m
[31m [0m   [2m52 [0m[2mâ”‚   â”‚   â”‚   â”‚   [0m[94mif[0m image:                                                       [31m [0m
[31m [0m   [2m53 [0m[2mâ”‚   â”‚   â”‚   â”‚   â”‚   [0mst.image(image, use_container_width=[94mTrue[0m)                   [31m [0m
[31m [0m   [2m54 [0m                                                                                [31m [0m
[31m [0m                                                                                      [31m [0m
[31m [0m [2m/home/ubuntu/foirehdf/.venv/lib/python3.12/site-packages/streamlit/runtime/caching/[0m[1mc[0m [31m [0m
[31m [0m [1mache_utils.py[0m:219 in __call__                                                        [31m [0m
[31m [0m                                                                                      [31m [0m
[31m [0m [2m/home/ubuntu/foirehdf/.venv/lib/python3.12/site-packages/streamlit/runtime/caching/[0m[1mc[0m [31m [0m
[31m [0m [1mache_utils.py[0m:234 in _get_or_create_cached_value                                     [31m [0m
[31m [0m                                                                                      [31m [0m
[31m [0m [2m/home/ubuntu/foirehdf/.venv/lib/python3.12/site-packages/streamlit/runtime/caching/[0m[1mc[0m [31m [0m
[31m [0m [1mache_utils.py[0m:458 in _make_value_key                                                 [31m [0m
[31m [0m                                                                                      [31m [0m
[31m [0m [2m/home/ubuntu/foirehdf/.venv/lib/python3.12/site-packages/streamlit/runtime/caching/[0m[1mc[0m [31m [0m
[31m [0m [1mache_utils.py[0m:450 in _make_value_key                                                 [31m [0m
[31m [0m                                                                                      [31m [0m
[31m [0m [2m/home/ubuntu/foirehdf/.venv/lib/python3.12/site-packages/streamlit/runtime/caching/[0m[1mh[0m [31m [0m
[31m [0m [1mashing.py[0m:162 in update_hash                                                         [31m [0m
[31m [0m                                                                                      [31m [0m
[31m [0m [2m/home/ubuntu/foirehdf/.venv/lib/python3.12/site-packages/streamlit/runtime/caching/[0m[1mh[0m [31m [0m
[31m [0m [1mashing.py[0m:345 in update                                                              [31m [0m
[31m [0m                                                                                      [31m [0m
[31m [0m [2m/home/ubuntu/foirehdf/.venv/lib/python3.12/site-packages/streamlit/runtime/caching/[0m[1mh[0m [31m [0m
[31m [0m [1mashing.py[0m:327 in to_bytes                                                            [31m [0m
[31m [0m                                                                                      [31m [0m
[31m [0m [2m/home/ubuntu/foirehdf/.venv/lib/python3.12/site-packages/streamlit/runtime/caching/[0m[1mh[0m [31m [0m
[31m [0m [1mashing.py[0m:630 in _to_bytes                                                           [31m [0m
[31m [0m                                                                                      [31m [0m
[31m [0m [2m/home/ubuntu/foirehdf/.venv/lib/python3.12/site-packages/streamlit/runtime/caching/[0m[1mh[0m [31m [0m
[31m [0m [1mashing.py[0m:345 in update                                                              [31m [0m
[31m [0m                                                                                      [31m [0m
[31m [0m [2m/home/ubuntu/foirehdf/.venv/lib/python3.12/site-packages/streamlit/runtime/caching/[0m[1mh[0m [31m [0m
[31m [0m [1mashing.py[0m:327 in to_bytes                                                            [31m [0m
[31m [0m                                                                                      [31m [0m
[31m [0m [2m/home/ubuntu/foirehdf/.venv/lib/python3.12/site-packages/streamlit/runtime/caching/[0m[1mh[0m [31m [0m
[31m [0m [1mashing.py[0m:627 in _to_bytes                                                           [31m [0m
[31mâ”€â”€â”€â”€â”€â”€â”€â”€â”€â”€â”€â”€â”€â”€â”€â”€â”€â”€â”€â”€â”€â”€â”€â”€â”€â”€â”€â”€â”€â”€â”€â”€â”€â”€â”€â”€â”€â”€â”€â”€â”€â”€â”€â”€â”€â”€â”€â”€â”€â”€â”€â”€â”€â”€â”€â”€â”€â”€â”€â”€â”€â”€â”€â”€â”€â”€â”€â”€â”€â”€â”€â”€â”€â”€â”€â”€â”€â”€â”€â”€â”€â”€â”€â”€â”€â”€â”€â”€[0m
[1;91mUnhashableParamError: [0mCannot hash argument [32m'url'[0m [1m([0mof type `pydantic.networks.HttpUrl`[1m)[0m 
in [32m'fetch_cached_image'[0m.

To address this, you can tell Streamlit not to hash this argument by adding a
leading underscore to the argument's name in the function signature:

```
@st.cache_data
def [1;35mfetch_cached_image[0m[1m([0m_url, [33m...[0m[1m)[0m:
    [33m...[0m
```
            
[31mâ”€â”€[0m[31mâ”€â”€â”€â”€â”€â”€â”€â”€â”€â”€â”€â”€â”€â”€â”€â”€â”€â”€â”€â”€â”€â”€â”€â”€[0m[31m [0m[1;31mTraceback [0m[1;2;31m(most recent call last)[0m[31m [0m[31mâ”€â”€â”€â”€â”€â”€â”€â”€â”€â”€â”€â”€â”€â”€â”€â”€â”€â”€â”€â”€â”€â”€â”€â”€â”€[0m[31mâ”€â”€[0m
[31m [0m [2m/home/ubuntu/foirehdf/.venv/lib/python3.12/site-packages/streamlit/runtime/caching/[0m[1mh[0m [31m [0m
[31m [0m [1mashing.py[0m:625 in _to_bytes                                                           [31m [0m
[31m [0m                                                                                      [31m [0m
[31m [0m [2m/usr/lib/python3.12/[0m[1mcopyreg.py[0m:70 in _reduce_ex                                      [31m [0m
[31m [0m                                                                                      [31m [0m
[31m [0m   [2m 67 [0m[2mâ”‚   â”‚   [0mstate = [94mNone[0m                                                           [31m [0m
[31m [0m   [2m 68 [0m[2mâ”‚   [0m[94melse[0m:                                                                      [31m [0m
[31m [0m   [2m 69 [0m[2mâ”‚   â”‚   [0m[94mif[0m base [95mis[0m [96mcls[0m:                                                        [31m [0m
[31m [0m [31mâ± [0m 70 [2mâ”‚   â”‚   â”‚   [0m[1;4;94mraise[0m[1;4m [0m[1;4;96mTypeError[0m[1;4m([0m[1;4;33mf[0m[1;4;33m"[0m[1;4;33mcannot pickle [0m[1;4;33m{[0m[1;4;96mcls[0m[1;4m.[0m[1;4;91m__name__[0m[1;4;33m!r}[0m[1;4;33m object[0m[1;4;33m"[0m[1;4m)[0m          [31m [0m
[31m [0m   [2m 71 [0m[2mâ”‚   â”‚   [0mstate = base([96mself[0m)                                                     [31m [0m
[31m [0m   [2m 72 [0m[2mâ”‚   [0margs = ([96mcls[0m, base, state)                                                  [31m [0m
[31m [0m   [2m 73 [0m[2mâ”‚   [0m[94mtry[0m:                                                                       [31m [0m
[31mâ”€â”€â”€â”€â”€â”€â”€â”€â”€â”€â”€â”€â”€â”€â”€â”€â”€â”€â”€â”€â”€â”€â”€â”€â”€â”€â”€â”€â”€â”€â”€â”€â”€â”€â”€â”€â”€â”€â”€â”€â”€â”€â”€â”€â”€â”€â”€â”€â”€â”€â”€â”€â”€â”€â”€â”€â”€â”€â”€â”€â”€â”€â”€â”€â”€â”€â”€â”€â”€â”€â”€â”€â”€â”€â”€â”€â”€â”€â”€â”€â”€â”€â”€â”€â”€â”€â”€â”€[0m
[1;91mTypeError: [0mcannot pickle [32m'function'[0m object

[3mThe above exception was the direct cause of the following exception:[0m

[31mâ”€â”€[0m[31mâ”€â”€â”€â”€â”€â”€â”€â”€â”€â”€â”€â”€â”€â”€â”€â”€â”€â”€â”€â”€â”€â”€â”€â”€[0m[31m [0m[1;31mTraceback [0m[1;2;31m(most recent call last)[0m[31m [0m[31mâ”€â”€â”€â”€â”€â”€â”€â”€â”€â”€â”€â”€â”€â”€â”€â”€â”€â”€â”€â”€â”€â”€â”€â”€â”€[0m[31mâ”€â”€[0m
[31m [0m [2m/home/ubuntu/foirehdf/.venv/lib/python3.12/site-packages/streamlit/runtime/caching/[0m[1mc[0m [31m [0m
[31m [0m [1mache_utils.py[0m:450 in _make_value_key                                                 [31m [0m
[31m [0m                                                                                      [31m [0m
[31m [0m [2m/home/ubuntu/foirehdf/.venv/lib/python3.12/site-packages/streamlit/runtime/caching/[0m[1mh[0m [31m [0m
[31m [0m [1mashing.py[0m:162 in update_hash                                                         [31m [0m
[31m [0m                                                                                      [31m [0m
[31m [0m [2m/home/ubuntu/foirehdf/.venv/lib/python3.12/site-packages/streamlit/runtime/caching/[0m[1mh[0m [31m [0m
[31m [0m [1mashing.py[0m:345 in update                                                              [31m [0m
[31m [0m                                                                                      [31m [0m
[31m [0m [2m/home/ubuntu/foirehdf/.venv/lib/python3.12/site-packages/streamlit/runtime/caching/[0m[1mh[0m [31m [0m
[31m [0m [1mashing.py[0m:327 in to_bytes                                                            [31m [0m
[31m [0m                                                                                      [31m [0m
[31m [0m [2m/home/ubuntu/foirehdf/.venv/lib/python3.12/site-packages/streamlit/runtime/caching/[0m[1mh[0m [31m [0m
[31m [0m [1mashing.py[0m:630 in _to_bytes                                                           [31m [0m
[31m [0m                                                                                      [31m [0m
[31m [0m [2m/home/ubuntu/foirehdf/.venv/lib/python3.12/site-packages/streamlit/runtime/caching/[0m[1mh[0m [31m [0m
[31m [0m [1mashing.py[0m:345 in update                                                              [31m [0m
[31m [0m                                                                                      [31m [0m
[31m [0m [2m/home/ubuntu/foirehdf/.venv/lib/python3.12/site-packages/streamlit/runtime/caching/[0m[1mh[0m [31m [0m
[31m [0m [1mashing.py[0m:327 in to_bytes                                                            [31m [0m
[31m [0m                                                                                      [31m [0m
[31m [0m [2m/home/ubuntu/foirehdf/.venv/lib/python3.12/site-packages/streamlit/runtime/caching/[0m[1mh[0m [31m [0m
[31m [0m [1mashing.py[0m:627 in _to_bytes                                                           [31m [0m
[31mâ”€â”€â”€â”€â”€â”€â”€â”€â”€â”€â”€â”€â”€â”€â”€â”€â”€â”€â”€â”€â”€â”€â”€â”€â”€â”€â”€â”€â”€â”€â”€â”€â”€â”€â”€â”€â”€â”€â”€â”€â”€â”€â”€â”€â”€â”€â”€â”€â”€â”€â”€â”€â”€â”€â”€â”€â”€â”€â”€â”€â”€â”€â”€â”€â”€â”€â”€â”€â”€â”€â”€â”€â”€â”€â”€â”€â”€â”€â”€â”€â”€â”€â”€â”€â”€â”€â”€â”€[0m
[1;91mUnhashableTypeError[0m

[3mDuring handling of the above exception, another exception occurred:[0m

[31mâ”€â”€[0m[31mâ”€â”€â”€â”€â”€â”€â”€â”€â”€â”€â”€â”€â”€â”€â”€â”€â”€â”€â”€â”€â”€â”€â”€â”€[0m[31m [0m[1;31mTraceback [0m[1;2;31m(most recent call last)[0m[31m [0m[31mâ”€â”€â”€â”€â”€â”€â”€â”€â”€â”€â”€â”€â”€â”€â”€â”€â”€â”€â”€â”€â”€â”€â”€â”€â”€[0m[31mâ”€â”€[0m
[31m [0m [2m/home/ubuntu/foirehdf/.venv/lib/python3.12/site-packages/streamlit/runtime/scriptrun[0m [31m [0m
[31m [0m [2mner/[0m[1mexec_code.py[0m:121 in exec_func_with_error_handling                                [31m [0m
[31m [0m                                                                                      [31m [0m
[31m [0m [2m/home/ubuntu/foirehdf/.venv/lib/python3.12/site-packages/streamlit/runtime/scriptrun[0m [31m [0m
[31m [0m [2mner/[0m[1mscript_runner.py[0m:640 in code_to_exec                                             [31m [0m
[31m [0m                                                                                      [31m [0m
[31m [0m [2m/home/ubuntu/foirehdf/[0m[1mapp.py[0m:68 in <module>                                          [31m [0m
[31m [0m                                                                                      [31m [0m
[31m [0m   [2m65 [0m                                                                                [31m [0m
[31m [0m   [2m66 [0m                                                                                [31m [0m
[31m [0m   [2m67 [0m                                                                                [31m [0m
[31m [0m [31mâ± [0m68 [1;4mpg.run()[0m                                                                        [31m [0m
[31m [0m   [2m69 [0m                                                                                [31m [0m
[31m [0m   [2m70 [0m                                                                                [31m [0m
[31m [0m   [2m71 [0mst.sidebar.toggle(                                                              [31m [0m
[31m [0m                                                                                      [31m [0m
[31m [0m [2m/home/ubuntu/foirehdf/.venv/lib/python3.12/site-packages/streamlit/navigation/[0m[1mpage.p[0m [31m [0m
[31m [0m [1my[0m:297 in run                                                                         [31m [0m
[31m [0m                                                                                      [31m [0m
[31m [0m [2m/home/ubuntu/foirehdf/pages/[0m[1mfair_view.py[0m:101 in <module>                             [31m [0m
[31m [0m                                                                                      [31m [0m
[31m [0m   [2m 98 [0m                                                                               [31m [0m
[31m [0m   [2m 99 [0m                                                                               [31m [0m
[31m [0m   [2m100 [0m[94mif[0m [33m"[0m[33mfair_id[0m[33m"[0m [95min[0m st.session_state [95mand[0m st.session_state.fair_id:                 [31m [0m
[31m [0m [31mâ± [0m101 [2mâ”‚   [0m[1;4mfair_view()[0m                                                                [31m [0m
[31m [0m   [2m102 [0m[94melse[0m:                                                                          [31m [0m
[31m [0m   [2m103 [0m[2mâ”‚   [0mst.error([33m"[0m[33mno fair_id[0m[33m"[0m)                                                     [31m [0m
[31m [0m   [2m104 [0m[2mâ”‚   [0mst.page_link([33m"[0m[33mpages/fair_list.py[0m[33m"[0m)                                         [31m [0m
[31m [0m                                                                                      [31m [0m
[31m [0m [2m/home/ubuntu/foirehdf/pages/[0m[1mfair_view.py[0m:97 in fair_view                             [31m [0m
[31m [0m                                                                                      [31m [0m
[31m [0m   [2m 94 [0m[2mâ”‚   [0m[94mfor[0m ride_id [95min[0m fair.rides:                                                 [31m [0m
[31m [0m   [2m 95 [0m[2mâ”‚   â”‚   [0mride = get_ride_by_id(ride_id=ride_id)                                 [31m [0m
[31m [0m   [2m 96 [0m[2mâ”‚   â”‚   [0m[94mif[0m ride:                                                               [31m [0m
[31m [0m [31mâ± [0m 97 [2mâ”‚   â”‚   â”‚   [0m[1;4mdisplay_ride_as_item_in_list(_, st, ride)[0m                          [31m [0m
[31m [0m   [2m 98 [0m                                                                               [31m [0m
[31m [0m   [2m 99 [0m                                                                               [31m [0m
[31m [0m   [2m100 [0m[94mif[0m [33m"[0m[33mfair_id[0m[33m"[0m [95min[0m st.session_state [95mand[0m st.session_state.fair_id:                 [31m [0m
[31m [0m                                                                                      [31m [0m
[31m [0m [2m/home/ubuntu/foirehdf/components/[0m[1mdisplay_ride_in_list.py[0m:51 in                       [31m [0m
[31m [0m display_ride_as_item_in_list                                                         [31m [0m
[31m [0m                                                                                      [31m [0m
[31m [0m   [2m48 [0m[2mâ”‚   â”‚   â”‚   â”‚   [0mst.switch_page([33m"[0m[33mpages/ride_view.py[0m[33m"[0m)                            [31m [0m
[31m [0m   [2m49 [0m[2mâ”‚   â”‚   â”‚   [0m                                                                    [31m [0m
[31m [0m   [2m50 [0m[2mâ”‚   â”‚   â”‚   [0m[94mif[0m [96mlen[0m(ride.images_url):                                            [31m [0m
[31m [0m [31mâ± [0m51 [2mâ”‚   â”‚   â”‚   â”‚   [0mimage = [1;4mfetch_cached_image(ride.images_url[[0m[1;4;94m0[0m[1;4m])[0m                  [31m [0m
[31m [0m   [2m52 [0m[2mâ”‚   â”‚   â”‚   â”‚   [0m[94mif[0m image:                                                       [31m [0m
[31m [0m   [2m53 [0m[2mâ”‚   â”‚   â”‚   â”‚   â”‚   [0mst.image(image, use_container_width=[94mTrue[0m)                   [31m [0m
[31m [0m   [2m54 [0m                                                                                [31m [0m
[31m [0m                                                                                      [31m [0m
[31m [0m [2m/home/ubuntu/foirehdf/.venv/lib/python3.12/site-packages/streamlit/runtime/caching/[0m[1mc[0m [31m [0m
[31m [0m [1mache_utils.py[0m:219 in __call__                                                        [31m [0m
[31m [0m                                                                                      [31m [0m
[31m [0m [2m/home/ubuntu/foirehdf/.venv/lib/python3.12/site-packages/streamlit/runtime/caching/[0m[1mc[0m [31m [0m
[31m [0m [1mache_utils.py[0m:234 in _get_or_create_cached_value                                     [31m [0m
[31m [0m                                                                                      [31m [0m
[31m [0m [2m/home/ubuntu/foirehdf/.venv/lib/python3.12/site-packages/streamlit/runtime/caching/[0m[1mc[0m [31m [0m
[31m [0m [1mache_utils.py[0m:458 in _make_value_key                                                 [31m [0m
[31m [0m                                                                                      [31m [0m
[31m [0m [2m/home/ubuntu/foirehdf/.venv/lib/python3.12/site-packages/streamlit/runtime/caching/[0m[1mc[0m [31m [0m
[31m [0m [1mache_utils.py[0m:450 in _make_value_key                                                 [31m [0m
[31m [0m                                                                                      [31m [0m
[31m [0m [2m/home/ubuntu/foirehdf/.venv/lib/python3.12/site-packages/streamlit/runtime/caching/[0m[1mh[0m [31m [0m
[31m [0m [1mashing.py[0m:162 in update_hash                                                         [31m [0m
[31m [0m                                                                                      [31m [0m
[31m [0m [2m/home/ubuntu/foirehdf/.venv/lib/python3.12/site-packages/streamlit/runtime/caching/[0m[1mh[0m [31m [0m
[31m [0m [1mashing.py[0m:345 in update                                                              [31m [0m
[31m [0m                                                                                      [31m [0m
[31m [0m [2m/home/ubuntu/foirehdf/.venv/lib/python3.12/site-packages/streamlit/runtime/caching/[0m[1mh[0m [31m [0m
[31m [0m [1mashing.py[0m:327 in to_bytes                                                            [31m [0m
[31m [0m                                                                                      [31m [0m
[31m [0m [2m/home/ubuntu/foirehdf/.venv/lib/python3.12/site-packages/streamlit/runtime/caching/[0m[1mh[0m [31m [0m
[31m [0m [1mashing.py[0m:630 in _to_bytes                                                           [31m [0m
[31m [0m                                                                                      [31m [0m
[31m [0m [2m/home/ubuntu/foirehdf/.venv/lib/python3.12/site-packages/streamlit/runtime/caching/[0m[1mh[0m [31m [0m
[31m [0m [1mashing.py[0m:345 in update                                                              [31m [0m
[31m [0m                                                                                      [31m [0m
[31m [0m [2m/home/ubuntu/foirehdf/.venv/lib/python3.12/site-packages/streamlit/runtime/caching/[0m[1mh[0m [31m [0m
[31m [0m [1mashing.py[0m:327 in to_bytes                                                            [31m [0m
[31m [0m                                                                                      [31m [0m
[31m [0m [2m/home/ubuntu/foirehdf/.venv/lib/python3.12/site-packages/streamlit/runtime/caching/[0m[1mh[0m [31m [0m
[31m [0m [1mashing.py[0m:627 in _to_bytes                                                           [31m [0m
[31mâ”€â”€â”€â”€â”€â”€â”€â”€â”€â”€â”€â”€â”€â”€â”€â”€â”€â”€â”€â”€â”€â”€â”€â”€â”€â”€â”€â”€â”€â”€â”€â”€â”€â”€â”€â”€â”€â”€â”€â”€â”€â”€â”€â”€â”€â”€â”€â”€â”€â”€â”€â”€â”€â”€â”€â”€â”€â”€â”€â”€â”€â”€â”€â”€â”€â”€â”€â”€â”€â”€â”€â”€â”€â”€â”€â”€â”€â”€â”€â”€â”€â”€â”€â”€â”€â”€â”€â”€[0m
[1;91mUnhashableParamError: [0mCannot hash argument [32m'url'[0m [1m([0mof type `pydantic.networks.HttpUrl`[1m)[0m 
in [32m'fetch_cached_image'[0m.

To address this, you can tell Streamlit not to hash this argument by adding a
leading underscore to the argument's name in the function signature:

```
@st.cache_data
def [1;35mfetch_cached_image[0m[1m([0m_url, [33m...[0m[1m)[0m:
    [33m...[0m
```
            
  Stopping...

Collecting usage statistics. To deactivate, set browser.gatherUsageStats to false.


  You can now view your Streamlit app in your browser.

  Local URL: http://localhost:8501
  Network URL: http://51.178.26.35:8501
  External URL: http://51.178.26.35:8501

[31mâ”€â”€[0m[31mâ”€â”€â”€â”€â”€â”€â”€â”€â”€â”€â”€â”€â”€â”€â”€â”€â”€â”€â”€â”€â”€â”€â”€â”€[0m[31m [0m[1;31mTraceback [0m[1;2;31m(most recent call last)[0m[31m [0m[31mâ”€â”€â”€â”€â”€â”€â”€â”€â”€â”€â”€â”€â”€â”€â”€â”€â”€â”€â”€â”€â”€â”€â”€â”€â”€[0m[31mâ”€â”€[0m
[31m [0m [2m/home/ubuntu/foirehdf/.venv/lib/python3.12/site-packages/streamlit/runtime/caching/[0m[1mh[0m [31m [0m
[31m [0m [1mashing.py[0m:625 in _to_bytes                                                           [31m [0m
[31m [0m                                                                                      [31m [0m
[31m [0m [2m/usr/lib/python3.12/[0m[1mcopyreg.py[0m:70 in _reduce_ex                                      [31m [0m
[31m [0m                                                                                      [31m [0m
[31m [0m   [2m 67 [0m[2mâ”‚   â”‚   [0mstate = [94mNone[0m                                                           [31m [0m
[31m [0m   [2m 68 [0m[2mâ”‚   [0m[94melse[0m:                                                                      [31m [0m
[31m [0m   [2m 69 [0m[2mâ”‚   â”‚   [0m[94mif[0m base [95mis[0m [96mcls[0m:                                                        [31m [0m
[31m [0m [31mâ± [0m 70 [2mâ”‚   â”‚   â”‚   [0m[1;4;94mraise[0m[1;4m [0m[1;4;96mTypeError[0m[1;4m([0m[1;4;33mf[0m[1;4;33m"[0m[1;4;33mcannot pickle [0m[1;4;33m{[0m[1;4;96mcls[0m[1;4m.[0m[1;4;91m__name__[0m[1;4;33m!r}[0m[1;4;33m object[0m[1;4;33m"[0m[1;4m)[0m          [31m [0m
[31m [0m   [2m 71 [0m[2mâ”‚   â”‚   [0mstate = base([96mself[0m)                                                     [31m [0m
[31m [0m   [2m 72 [0m[2mâ”‚   [0margs = ([96mcls[0m, base, state)                                                  [31m [0m
[31m [0m   [2m 73 [0m[2mâ”‚   [0m[94mtry[0m:                                                                       [31m [0m
[31mâ”€â”€â”€â”€â”€â”€â”€â”€â”€â”€â”€â”€â”€â”€â”€â”€â”€â”€â”€â”€â”€â”€â”€â”€â”€â”€â”€â”€â”€â”€â”€â”€â”€â”€â”€â”€â”€â”€â”€â”€â”€â”€â”€â”€â”€â”€â”€â”€â”€â”€â”€â”€â”€â”€â”€â”€â”€â”€â”€â”€â”€â”€â”€â”€â”€â”€â”€â”€â”€â”€â”€â”€â”€â”€â”€â”€â”€â”€â”€â”€â”€â”€â”€â”€â”€â”€â”€â”€[0m
[1;91mTypeError: [0mcannot pickle [32m'function'[0m object

[3mThe above exception was the direct cause of the following exception:[0m

[31mâ”€â”€[0m[31mâ”€â”€â”€â”€â”€â”€â”€â”€â”€â”€â”€â”€â”€â”€â”€â”€â”€â”€â”€â”€â”€â”€â”€â”€[0m[31m [0m[1;31mTraceback [0m[1;2;31m(most recent call last)[0m[31m [0m[31mâ”€â”€â”€â”€â”€â”€â”€â”€â”€â”€â”€â”€â”€â”€â”€â”€â”€â”€â”€â”€â”€â”€â”€â”€â”€[0m[31mâ”€â”€[0m
[31m [0m [2m/home/ubuntu/foirehdf/.venv/lib/python3.12/site-packages/streamlit/runtime/caching/[0m[1mc[0m [31m [0m
[31m [0m [1mache_utils.py[0m:450 in _make_value_key                                                 [31m [0m
[31m [0m                                                                                      [31m [0m
[31m [0m [2m/home/ubuntu/foirehdf/.venv/lib/python3.12/site-packages/streamlit/runtime/caching/[0m[1mh[0m [31m [0m
[31m [0m [1mashing.py[0m:162 in update_hash                                                         [31m [0m
[31m [0m                                                                                      [31m [0m
[31m [0m [2m/home/ubuntu/foirehdf/.venv/lib/python3.12/site-packages/streamlit/runtime/caching/[0m[1mh[0m [31m [0m
[31m [0m [1mashing.py[0m:345 in update                                                              [31m [0m
[31m [0m                                                                                      [31m [0m
[31m [0m [2m/home/ubuntu/foirehdf/.venv/lib/python3.12/site-packages/streamlit/runtime/caching/[0m[1mh[0m [31m [0m
[31m [0m [1mashing.py[0m:327 in to_bytes                                                            [31m [0m
[31m [0m                                                                                      [31m [0m
[31m [0m [2m/home/ubuntu/foirehdf/.venv/lib/python3.12/site-packages/streamlit/runtime/caching/[0m[1mh[0m [31m [0m
[31m [0m [1mashing.py[0m:630 in _to_bytes                                                           [31m [0m
[31m [0m                                                                                      [31m [0m
[31m [0m [2m/home/ubuntu/foirehdf/.venv/lib/python3.12/site-packages/streamlit/runtime/caching/[0m[1mh[0m [31m [0m
[31m [0m [1mashing.py[0m:345 in update                                                              [31m [0m
[31m [0m                                                                                      [31m [0m
[31m [0m [2m/home/ubuntu/foirehdf/.venv/lib/python3.12/site-packages/streamlit/runtime/caching/[0m[1mh[0m [31m [0m
[31m [0m [1mashing.py[0m:327 in to_bytes                                                            [31m [0m
[31m [0m                                                                                      [31m [0m
[31m [0m [2m/home/ubuntu/foirehdf/.venv/lib/python3.12/site-packages/streamlit/runtime/caching/[0m[1mh[0m [31m [0m
[31m [0m [1mashing.py[0m:627 in _to_bytes                                                           [31m [0m
[31mâ”€â”€â”€â”€â”€â”€â”€â”€â”€â”€â”€â”€â”€â”€â”€â”€â”€â”€â”€â”€â”€â”€â”€â”€â”€â”€â”€â”€â”€â”€â”€â”€â”€â”€â”€â”€â”€â”€â”€â”€â”€â”€â”€â”€â”€â”€â”€â”€â”€â”€â”€â”€â”€â”€â”€â”€â”€â”€â”€â”€â”€â”€â”€â”€â”€â”€â”€â”€â”€â”€â”€â”€â”€â”€â”€â”€â”€â”€â”€â”€â”€â”€â”€â”€â”€â”€â”€â”€[0m
[1;91mUnhashableTypeError[0m

[3mDuring handling of the above exception, another exception occurred:[0m

[31mâ”€â”€[0m[31mâ”€â”€â”€â”€â”€â”€â”€â”€â”€â”€â”€â”€â”€â”€â”€â”€â”€â”€â”€â”€â”€â”€â”€â”€[0m[31m [0m[1;31mTraceback [0m[1;2;31m(most recent call last)[0m[31m [0m[31mâ”€â”€â”€â”€â”€â”€â”€â”€â”€â”€â”€â”€â”€â”€â”€â”€â”€â”€â”€â”€â”€â”€â”€â”€â”€[0m[31mâ”€â”€[0m
[31m [0m [2m/home/ubuntu/foirehdf/.venv/lib/python3.12/site-packages/streamlit/runtime/scriptrun[0m [31m [0m
[31m [0m [2mner/[0m[1mexec_code.py[0m:121 in exec_func_with_error_handling                                [31m [0m
[31m [0m                                                                                      [31m [0m
[31m [0m [2m/home/ubuntu/foirehdf/.venv/lib/python3.12/site-packages/streamlit/runtime/scriptrun[0m [31m [0m
[31m [0m [2mner/[0m[1mscript_runner.py[0m:640 in code_to_exec                                             [31m [0m
[31m [0m                                                                                      [31m [0m
[31m [0m [2m/home/ubuntu/foirehdf/[0m[1mapp.py[0m:68 in <module>                                          [31m [0m
[31m [0m                                                                                      [31m [0m
[31m [0m   [2m65 [0m                                                                                [31m [0m
[31m [0m   [2m66 [0m                                                                                [31m [0m
[31m [0m   [2m67 [0m                                                                                [31m [0m
[31m [0m [31mâ± [0m68 [1;4mpg.run()[0m                                                                        [31m [0m
[31m [0m   [2m69 [0m                                                                                [31m [0m
[31m [0m   [2m70 [0m                                                                                [31m [0m
[31m [0m   [2m71 [0mst.sidebar.toggle(                                                              [31m [0m
[31m [0m                                                                                      [31m [0m
[31m [0m [2m/home/ubuntu/foirehdf/.venv/lib/python3.12/site-packages/streamlit/navigation/[0m[1mpage.p[0m [31m [0m
[31m [0m [1my[0m:297 in run                                                                         [31m [0m
[31m [0m                                                                                      [31m [0m
[31m [0m [2m/home/ubuntu/foirehdf/pages/[0m[1mfair_view.py[0m:101 in <module>                             [31m [0m
[31m [0m                                                                                      [31m [0m
[31m [0m   [2m 98 [0m                                                                               [31m [0m
[31m [0m   [2m 99 [0m                                                                               [31m [0m
[31m [0m   [2m100 [0m[94mif[0m [33m"[0m[33mfair_id[0m[33m"[0m [95min[0m st.session_state [95mand[0m st.session_state.fair_id:                 [31m [0m
[31m [0m [31mâ± [0m101 [2mâ”‚   [0m[1;4mfair_view()[0m                                                                [31m [0m
[31m [0m   [2m102 [0m[94melse[0m:                                                                          [31m [0m
[31m [0m   [2m103 [0m[2mâ”‚   [0mst.error([33m"[0m[33mno fair_id[0m[33m"[0m)                                                     [31m [0m
[31m [0m   [2m104 [0m[2mâ”‚   [0mst.page_link([33m"[0m[33mpages/fair_list.py[0m[33m"[0m)                                         [31m [0m
[31m [0m                                                                                      [31m [0m
[31m [0m [2m/home/ubuntu/foirehdf/pages/[0m[1mfair_view.py[0m:97 in fair_view                             [31m [0m
[31m [0m                                                                                      [31m [0m
[31m [0m   [2m 94 [0m[2mâ”‚   [0m[94mfor[0m ride_id [95min[0m fair.rides:                                                 [31m [0m
[31m [0m   [2m 95 [0m[2mâ”‚   â”‚   [0mride = get_ride_by_id(ride_id=ride_id)                                 [31m [0m
[31m [0m   [2m 96 [0m[2mâ”‚   â”‚   [0m[94mif[0m ride:                                                               [31m [0m
[31m [0m [31mâ± [0m 97 [2mâ”‚   â”‚   â”‚   [0m[1;4mdisplay_ride_as_item_in_list(_, st, ride)[0m                          [31m [0m
[31m [0m   [2m 98 [0m                                                                               [31m [0m
[31m [0m   [2m 99 [0m                                                                               [31m [0m
[31m [0m   [2m100 [0m[94mif[0m [33m"[0m[33mfair_id[0m[33m"[0m [95min[0m st.session_state [95mand[0m st.session_state.fair_id:                 [31m [0m
[31m [0m                                                                                      [31m [0m
[31m [0m [2m/home/ubuntu/foirehdf/components/[0m[1mdisplay_ride_in_list.py[0m:51 in                       [31m [0m
[31m [0m display_ride_as_item_in_list                                                         [31m [0m
[31m [0m                                                                                      [31m [0m
[31m [0m   [2m48 [0m[2mâ”‚   â”‚   â”‚   â”‚   [0mst.switch_page([33m"[0m[33mpages/ride_view.py[0m[33m"[0m)                            [31m [0m
[31m [0m   [2m49 [0m[2mâ”‚   â”‚   â”‚   [0m                                                                    [31m [0m
[31m [0m   [2m50 [0m[2mâ”‚   â”‚   â”‚   [0m[94mif[0m [96mlen[0m(ride.images_url):                                            [31m [0m
[31m [0m [31mâ± [0m51 [2mâ”‚   â”‚   â”‚   â”‚   [0mimage = [1;4mfetch_cached_image(ride.images_url[[0m[1;4;94m0[0m[1;4m])[0m                  [31m [0m
[31m [0m   [2m52 [0m[2mâ”‚   â”‚   â”‚   â”‚   [0m[94mif[0m image:                                                       [31m [0m
[31m [0m   [2m53 [0m[2mâ”‚   â”‚   â”‚   â”‚   â”‚   [0mst.image(image, use_container_width=[94mTrue[0m)                   [31m [0m
[31m [0m   [2m54 [0m                                                                                [31m [0m
[31m [0m                                                                                      [31m [0m
[31m [0m [2m/home/ubuntu/foirehdf/.venv/lib/python3.12/site-packages/streamlit/runtime/caching/[0m[1mc[0m [31m [0m
[31m [0m [1mache_utils.py[0m:219 in __call__                                                        [31m [0m
[31m [0m                                                                                      [31m [0m
[31m [0m [2m/home/ubuntu/foirehdf/.venv/lib/python3.12/site-packages/streamlit/runtime/caching/[0m[1mc[0m [31m [0m
[31m [0m [1mache_utils.py[0m:234 in _get_or_create_cached_value                                     [31m [0m
[31m [0m                                                                                      [31m [0m
[31m [0m [2m/home/ubuntu/foirehdf/.venv/lib/python3.12/site-packages/streamlit/runtime/caching/[0m[1mc[0m [31m [0m
[31m [0m [1mache_utils.py[0m:458 in _make_value_key                                                 [31m [0m
[31m [0m                                                                                      [31m [0m
[31m [0m [2m/home/ubuntu/foirehdf/.venv/lib/python3.12/site-packages/streamlit/runtime/caching/[0m[1mc[0m [31m [0m
[31m [0m [1mache_utils.py[0m:450 in _make_value_key                                                 [31m [0m
[31m [0m                                                                                      [31m [0m
[31m [0m [2m/home/ubuntu/foirehdf/.venv/lib/python3.12/site-packages/streamlit/runtime/caching/[0m[1mh[0m [31m [0m
[31m [0m [1mashing.py[0m:162 in update_hash                                                         [31m [0m
[31m [0m                                                                                      [31m [0m
[31m [0m [2m/home/ubuntu/foirehdf/.venv/lib/python3.12/site-packages/streamlit/runtime/caching/[0m[1mh[0m [31m [0m
[31m [0m [1mashing.py[0m:345 in update                                                              [31m [0m
[31m [0m                                                                                      [31m [0m
[31m [0m [2m/home/ubuntu/foirehdf/.venv/lib/python3.12/site-packages/streamlit/runtime/caching/[0m[1mh[0m [31m [0m
[31m [0m [1mashing.py[0m:327 in to_bytes                                                            [31m [0m
[31m [0m                                                                                      [31m [0m
[31m [0m [2m/home/ubuntu/foirehdf/.venv/lib/python3.12/site-packages/streamlit/runtime/caching/[0m[1mh[0m [31m [0m
[31m [0m [1mashing.py[0m:630 in _to_bytes                                                           [31m [0m
[31m [0m                                                                                      [31m [0m
[31m [0m [2m/home/ubuntu/foirehdf/.venv/lib/python3.12/site-packages/streamlit/runtime/caching/[0m[1mh[0m [31m [0m
[31m [0m [1mashing.py[0m:345 in update                                                              [31m [0m
[31m [0m                                                                                      [31m [0m
[31m [0m [2m/home/ubuntu/foirehdf/.venv/lib/python3.12/site-packages/streamlit/runtime/caching/[0m[1mh[0m [31m [0m
[31m [0m [1mashing.py[0m:327 in to_bytes                                                            [31m [0m
[31m [0m                                                                                      [31m [0m
[31m [0m [2m/home/ubuntu/foirehdf/.venv/lib/python3.12/site-packages/streamlit/runtime/caching/[0m[1mh[0m [31m [0m
[31m [0m [1mashing.py[0m:627 in _to_bytes                                                           [31m [0m
[31mâ”€â”€â”€â”€â”€â”€â”€â”€â”€â”€â”€â”€â”€â”€â”€â”€â”€â”€â”€â”€â”€â”€â”€â”€â”€â”€â”€â”€â”€â”€â”€â”€â”€â”€â”€â”€â”€â”€â”€â”€â”€â”€â”€â”€â”€â”€â”€â”€â”€â”€â”€â”€â”€â”€â”€â”€â”€â”€â”€â”€â”€â”€â”€â”€â”€â”€â”€â”€â”€â”€â”€â”€â”€â”€â”€â”€â”€â”€â”€â”€â”€â”€â”€â”€â”€â”€â”€â”€[0m
[1;91mUnhashableParamError: [0mCannot hash argument [32m'url'[0m [1m([0mof type `pydantic.networks.HttpUrl`[1m)[0m 
in [32m'fetch_cached_image'[0m.

To address this, you can tell Streamlit not to hash this argument by adding a
leading underscore to the argument's name in the function signature:

```
@st.cache_data
def [1;35mfetch_cached_image[0m[1m([0m_url, [33m...[0m[1m)[0m:
    [33m...[0m
```
            
  Stopping...

Collecting usage statistics. To deactivate, set browser.gatherUsageStats to false.


  You can now view your Streamlit app in your browser.

  Local URL: http://localhost:8501
  Network URL: http://51.178.26.35:8501
  External URL: http://51.178.26.35:8501

[31mâ”€â”€[0m[31mâ”€â”€â”€â”€â”€â”€â”€â”€â”€â”€â”€â”€â”€â”€â”€â”€â”€â”€â”€â”€â”€â”€â”€â”€[0m[31m [0m[1;31mTraceback [0m[1;2;31m(most recent call last)[0m[31m [0m[31mâ”€â”€â”€â”€â”€â”€â”€â”€â”€â”€â”€â”€â”€â”€â”€â”€â”€â”€â”€â”€â”€â”€â”€â”€â”€[0m[31mâ”€â”€[0m
[31m [0m [2m/home/ubuntu/foirehdf/.venv/lib/python3.12/site-packages/streamlit/runtime/[0m[1mfragment.[0m [31m [0m
[31m [0m [1mpy[0m:245 in wrapped_fragment                                                           [31m [0m
[31m [0m                                                                                      [31m [0m
[31m [0m [2m/home/ubuntu/foirehdf/pages/[0m[1mride_list.py[0m:52 in ride_list                             [31m [0m
[31m [0m                                                                                      [31m [0m
[31m [0m   [2m49 [0m[2mâ”‚   [0m[94mif[0m rides:                                                                   [31m [0m
[31m [0m   [2m50 [0m[2mâ”‚   â”‚   [0mrides.reverse()                                                         [31m [0m
[31m [0m   [2m51 [0m[2mâ”‚   â”‚   [0m[94mfor[0m ride [95min[0m rides:                                                      [31m [0m
[31m [0m [31mâ± [0m52 [2mâ”‚   â”‚   â”‚   [0m[1;4mdisplay_ride_as_item_in_list(_, st, ride)[0m                           [31m [0m
[31m [0m   [2m53 [0m[2mâ”‚   [0m                                                                            [31m [0m
[31m [0m   [2m54 [0m[2mâ”‚   [0m[94melif[0m st.session_state.search_ride_query:                                    [31m [0m
[31m [0m   [2m55 [0m[2mâ”‚   â”‚   [0mst.header(_([33m"[0m[33mRIDES_NO_RIDES_TO_DISPLAY_BY_SEARCH[0m[33m"[0m))                     [31m [0m
[31m [0m                                                                                      [31m [0m
[31m [0m [2m/home/ubuntu/foirehdf/components/[0m[1mdisplay_ride_in_list.py[0m:51 in                       [31m [0m
[31m [0m display_ride_as_item_in_list                                                         [31m [0m
[31m [0m                                                                                      [31m [0m
[31m [0m   [2m48 [0m[2mâ”‚   â”‚   â”‚   â”‚   [0mst.switch_page([33m"[0m[33mpages/ride_view.py[0m[33m"[0m)                            [31m [0m
[31m [0m   [2m49 [0m[2mâ”‚   â”‚   â”‚   [0m                                                                    [31m [0m
[31m [0m   [2m50 [0m[2mâ”‚   â”‚   â”‚   [0m[94mif[0m [96mlen[0m(ride.images_url):                                            [31m [0m
[31m [0m [31mâ± [0m51 [2mâ”‚   â”‚   â”‚   â”‚   [0mimage = [1;4mfetch_cached_image(ride.images_url[[0m[1;4;94m0[0m[1;4m])[0m                  [31m [0m
[31m [0m   [2m52 [0m[2mâ”‚   â”‚   â”‚   â”‚   [0m[94mif[0m image:                                                       [31m [0m
[31m [0m   [2m53 [0m[2mâ”‚   â”‚   â”‚   â”‚   â”‚   [0mst.image(image, use_container_width=[94mTrue[0m)                   [31m [0m
[31m [0m   [2m54 [0m                                                                                [31m [0m
[31m [0m                                                                                      [31m [0m
[31m [0m [2m/home/ubuntu/foirehdf/components/[0m[1mimage_loader.py[0m:23 in fetch_cached_image            [31m [0m
[31m [0m                                                                                      [31m [0m
[31m [0m   [2m20 [0m                                                                                [31m [0m
[31m [0m   [2m21 [0m[94mdef[0m[90m [0m[92mfetch_cached_image[0m(url: HttpUrl | [96mstr[0m) -> Image.Image | [94mNone[0m:               [31m [0m
[31m [0m   [2m22 [0m[2;90mâ”‚   [0m[33m"""Parse any url to string in order to fetch it."""[0m                         [31m [0m
[31m [0m [31mâ± [0m23 [2mâ”‚   [0m[94mreturn[0m [1;4m_fetch_cached_image([0m[1;4;96mstr[0m[1;4m(url))[0m                                        [31m [0m
[31m [0m   [2m24 [0m                                                                                [31m [0m
[31m [0m                                                                                      [31m [0m
[31m [0m [2m/home/ubuntu/foirehdf/.venv/lib/python3.12/site-packages/streamlit/runtime/caching/[0m[1mc[0m [31m [0m
[31m [0m [1mache_utils.py[0m:219 in __call__                                                        [31m [0m
[31m [0m                                                                                      [31m [0m
[31m [0m [2m/home/ubuntu/foirehdf/.venv/lib/python3.12/site-packages/streamlit/runtime/caching/[0m[1mc[0m [31m [0m
[31m [0m [1mache_utils.py[0m:261 in _get_or_create_cached_value                                     [31m [0m
[31m [0m                                                                                      [31m [0m
[31m [0m [2m/home/ubuntu/foirehdf/.venv/lib/python3.12/site-packages/streamlit/runtime/caching/[0m[1mc[0m [31m [0m
[31m [0m [1mache_utils.py[0m:320 in _handle_cache_miss                                              [31m [0m
[31m [0m                                                                                      [31m [0m
[31m [0m [2m/home/ubuntu/foirehdf/components/[0m[1mimage_loader.py[0m:13 in _fetch_cached_image           [31m [0m
[31m [0m                                                                                      [31m [0m
[31m [0m   [2m10 [0m[94mdef[0m[90m [0m[92m_fetch_cached_image[0m(url: [96mstr[0m) -> Image.Image | [94mNone[0m:                        [31m [0m
[31m [0m   [2m11 [0m[2;90mâ”‚   [0m[33m"""Fetch and cache an image from a URL."""[0m                                  [31m [0m
[31m [0m   [2m12 [0m[2mâ”‚   [0mresponse = requests.get([96mstr[0m(url), timeout=[94m10[0m)                               [31m [0m
[31m [0m [31mâ± [0m13 [2mâ”‚   [0m[1;4mresponse.raise_for_status()[0m                                                 [31m [0m
[31m [0m   [2m14 [0m[2mâ”‚   [0m                                                                            [31m [0m
[31m [0m   [2m15 [0m[2mâ”‚   [0mcontent_type = response.headers.get([33m"[0m[33mContent-Type[0m[33m"[0m, [33m"[0m[33m"[0m)                     [31m [0m
[31m [0m   [2m16 [0m[2mâ”‚   [0m[94mif[0m [33m"[0m[33mimage[0m[33m"[0m [95mnot[0m [95min[0m content_type:                                             [31m [0m
[31m [0m                                                                                      [31m [0m
[31m [0m [2m/home/ubuntu/foirehdf/.venv/lib/python3.12/site-packages/requests/[0m[1mmodels.py[0m:1026 in  [31m [0m
[31m [0m raise_for_status                                                                     [31m [0m
[31m [0m                                                                                      [31m [0m
[31m [0m   [2m1023 [0m[2mâ”‚   â”‚   â”‚   [0m)                                                                 [31m [0m
[31m [0m   [2m1024 [0m[2mâ”‚   â”‚   [0m                                                                      [31m [0m
[31m [0m   [2m1025 [0m[2mâ”‚   â”‚   [0m[94mif[0m http_error_msg:                                                    [31m [0m
[31m [0m [31mâ± [0m1026 [2mâ”‚   â”‚   â”‚   [0m[1;4;94mraise[0m[1;4m HTTPError(http_error_msg, response=[0m[1;4;96mself[0m[1;4m)[0m                    [31m [0m
[31m [0m   [2m1027 [0m[2mâ”‚   [0m                                                                          [31m [0m
[31m [0m   [2m1028 [0m[2mâ”‚   [0m[94mdef[0m[90m [0m[92mclose[0m([96mself[0m):                                                          [31m [0m
[31m [0m   [2m1029 [0m[2;90mâ”‚   â”‚   [0m[33m"""Releases the connection back to the pool. Once this method has bee[0m [31m [0m
[31mâ”€â”€â”€â”€â”€â”€â”€â”€â”€â”€â”€â”€â”€â”€â”€â”€â”€â”€â”€â”€â”€â”€â”€â”€â”€â”€â”€â”€â”€â”€â”€â”€â”€â”€â”€â”€â”€â”€â”€â”€â”€â”€â”€â”€â”€â”€â”€â”€â”€â”€â”€â”€â”€â”€â”€â”€â”€â”€â”€â”€â”€â”€â”€â”€â”€â”€â”€â”€â”€â”€â”€â”€â”€â”€â”€â”€â”€â”€â”€â”€â”€â”€â”€â”€â”€â”€â”€â”€[0m
[1;91mHTTPError: [0m[1;36m403[0m Client Error: Forbidden for url: 
[4;94mhttps://scontent-cdg4-1.xx.fbcdn.net/v/t39.30808-6/504429792_1130998642391292_5020028838[0m
[4;94m912325649_n.jpg?[0m[4;94m_nc_cat[0m[4;94m=[0m[4;94m105[0m[4;94m&[0m[4;94mccb[0m[4;94m=[0m[4;94m1[0m[4;94m-7&[0m[4;94m_nc_sid[0m[4;94m=[0m[4;94m127cfc[0m[4;94m&[0m[4;94m_nc_ohc[0m[4;94m=[0m[4;94mxO3_kytLN6IQ7kNvwFlKUWj[0m[4;94m&[0m[4;94m_nc_o[0m
[4;94mc[0m[4;94m=[0m[4;94mAdlf8gQ7Jl[0m[4;94m-HkdA9HX2rBnuMXYsVROk8jvu7VgpITW68XYQsmJ_xNBitlzKZRI3o78aAacG6JG0CDmQpX6sScN[0m
[4;94mSf&[0m[4;94m_nc_zt[0m[4;94m=[0m[4;94m23[0m[4;94m&[0m[4;94m_nc_ht[0m[4;94m=[0m[4;94mscontent[0m[4;94m-cdg4-1.xx&[0m[4;94m_nc_gid[0m[4;94m=[0m[4;94mQE[0m[4;94m-RkkV2xgJCmViBipMs4A&[0m[4;94moh[0m[4;94m=[0m[4;94m00_AfMeurLkyhhM[0m
[4;94meSM[0m[4;94m-FI8dbJnzQD71tknmr9cn84vYw_d_9A&[0m[4;94moe[0m[4;94m=[0m[4;94m684B1F05[0m
  Stopping...

Collecting usage statistics. To deactivate, set browser.gatherUsageStats to false.


  You can now view your Streamlit app in your browser.

  Local URL: http://localhost:8501
  Network URL: http://51.178.26.35:8501
  External URL: http://51.178.26.35:8501

[31mâ”€â”€[0m[31mâ”€â”€â”€â”€â”€â”€â”€â”€â”€â”€â”€â”€â”€â”€â”€â”€â”€â”€â”€â”€â”€â”€â”€â”€[0m[31m [0m[1;31mTraceback [0m[1;2;31m(most recent call last)[0m[31m [0m[31mâ”€â”€â”€â”€â”€â”€â”€â”€â”€â”€â”€â”€â”€â”€â”€â”€â”€â”€â”€â”€â”€â”€â”€â”€â”€[0m[31mâ”€â”€[0m
[31m [0m [2m/home/ubuntu/foirehdf/.venv/lib/python3.12/site-packages/streamlit/runtime/[0m[1mfragment.[0m [31m [0m
[31m [0m [1mpy[0m:245 in wrapped_fragment                                                           [31m [0m
[31m [0m                                                                                      [31m [0m
[31m [0m [2m/home/ubuntu/foirehdf/pages/[0m[1mride_list.py[0m:52 in ride_list                             [31m [0m
[31m [0m                                                                                      [31m [0m
[31m [0m   [2m49 [0m[2mâ”‚   [0m[94mif[0m rides:                                                                   [31m [0m
[31m [0m   [2m50 [0m[2mâ”‚   â”‚   [0mrides.reverse()                                                         [31m [0m
[31m [0m   [2m51 [0m[2mâ”‚   â”‚   [0m[94mfor[0m ride [95min[0m rides:                                                      [31m [0m
[31m [0m [31mâ± [0m52 [2mâ”‚   â”‚   â”‚   [0m[1;4mdisplay_ride_as_item_in_list(_, st, ride)[0m                           [31m [0m
[31m [0m   [2m53 [0m[2mâ”‚   [0m                                                                            [31m [0m
[31m [0m   [2m54 [0m[2mâ”‚   [0m[94melif[0m st.session_state.search_ride_query:                                    [31m [0m
[31m [0m   [2m55 [0m[2mâ”‚   â”‚   [0mst.header(_([33m"[0m[33mRIDES_NO_RIDES_TO_DISPLAY_BY_SEARCH[0m[33m"[0m))                     [31m [0m
[31m [0m                                                                                      [31m [0m
[31m [0m [2m/home/ubuntu/foirehdf/components/[0m[1mdisplay_ride_in_list.py[0m:51 in                       [31m [0m
[31m [0m display_ride_as_item_in_list                                                         [31m [0m
[31m [0m                                                                                      [31m [0m
[31m [0m   [2m48 [0m[2mâ”‚   â”‚   â”‚   â”‚   [0mst.switch_page([33m"[0m[33mpages/ride_view.py[0m[33m"[0m)                            [31m [0m
[31m [0m   [2m49 [0m[2mâ”‚   â”‚   â”‚   [0m                                                                    [31m [0m
[31m [0m   [2m50 [0m[2mâ”‚   â”‚   â”‚   [0m[94mif[0m [96mlen[0m(ride.images_url):                                            [31m [0m
[31m [0m [31mâ± [0m51 [2mâ”‚   â”‚   â”‚   â”‚   [0mimage = [1;4mfetch_cached_image(ride.images_url[[0m[1;4;94m0[0m[1;4m])[0m                  [31m [0m
[31m [0m   [2m52 [0m[2mâ”‚   â”‚   â”‚   â”‚   [0m[94mif[0m image:                                                       [31m [0m
[31m [0m   [2m53 [0m[2mâ”‚   â”‚   â”‚   â”‚   â”‚   [0mst.image(image, use_container_width=[94mTrue[0m)                   [31m [0m
[31m [0m   [2m54 [0m                                                                                [31m [0m
[31m [0m                                                                                      [31m [0m
[31m [0m [2m/home/ubuntu/foirehdf/components/[0m[1mimage_loader.py[0m:31 in fetch_cached_image            [31m [0m
[31m [0m                                                                                      [31m [0m
[31m [0m   [2m28 [0m[2mâ”‚   [0m[94mif[0m image:                                                                   [31m [0m
[31m [0m   [2m29 [0m[2mâ”‚   â”‚   [0m[94mreturn[0m image                                                            [31m [0m
[31m [0m   [2m30 [0m[2mâ”‚   [0m                                                                            [31m [0m
[31m [0m [31mâ± [0m31 [2mâ”‚   [0m[94mreturn[0m [1;4mImage.open(Path([0m[1;4;91m__file__[0m[1;4m).parent / [0m[1;4;33m"[0m[1;4;33mstatic[0m[1;4;33m"[0m[1;4m / [0m[1;4;33m"[0m[1;4;33mimage-not-found.jpg[0m[1;4;33m"[0m[1;4m)[0m [31m [0m
[31m [0m   [2m32 [0m                                                                                [31m [0m
[31m [0m                                                                                      [31m [0m
[31m [0m [2m/home/ubuntu/foirehdf/.venv/lib/python3.12/site-packages/PIL/[0m[1mImage.py[0m:3505 in open   [31m [0m
[31m [0m                                                                                      [31m [0m
[31m [0m   [2m3502 [0m[2mâ”‚   â”‚   [0mfilename = os.fspath(fp)                                              [31m [0m
[31m [0m   [2m3503 [0m[2mâ”‚   [0m                                                                          [31m [0m
[31m [0m   [2m3504 [0m[2mâ”‚   [0m[94mif[0m filename:                                                              [31m [0m
[31m [0m [31mâ± [0m3505 [2mâ”‚   â”‚   [0mfp = [1;4mbuiltins.open(filename, [0m[1;4;33m"[0m[1;4;33mrb[0m[1;4;33m"[0m[1;4m)[0m                                    [31m [0m
[31m [0m   [2m3506 [0m[2mâ”‚   â”‚   [0mexclusive_fp = [94mTrue[0m                                                   [31m [0m
[31m [0m   [2m3507 [0m[2mâ”‚   [0m[94melse[0m:                                                                     [31m [0m
[31m [0m   [2m3508 [0m[2mâ”‚   â”‚   [0mfp = cast(IO[[96mbytes[0m], fp)                                              [31m [0m
[31mâ”€â”€â”€â”€â”€â”€â”€â”€â”€â”€â”€â”€â”€â”€â”€â”€â”€â”€â”€â”€â”€â”€â”€â”€â”€â”€â”€â”€â”€â”€â”€â”€â”€â”€â”€â”€â”€â”€â”€â”€â”€â”€â”€â”€â”€â”€â”€â”€â”€â”€â”€â”€â”€â”€â”€â”€â”€â”€â”€â”€â”€â”€â”€â”€â”€â”€â”€â”€â”€â”€â”€â”€â”€â”€â”€â”€â”€â”€â”€â”€â”€â”€â”€â”€â”€â”€â”€â”€[0m
[1;91mFileNotFoundError: [0m[1m[[0mErrno [1;36m2[0m[1m][0m Aucun fichier ou dossier de ce nom: 
[32m'/home/ubuntu/foirehdf/components/static/image-not-found.jpg'[0m
  Stopping...

Collecting usage statistics. To deactivate, set browser.gatherUsageStats to false.


  You can now view your Streamlit app in your browser.

  Local URL: http://localhost:8501
  Network URL: http://51.178.26.35:8501
  External URL: http://51.178.26.35:8501

[31mâ”€â”€[0m[31mâ”€â”€â”€â”€â”€â”€â”€â”€â”€â”€â”€â”€â”€â”€â”€â”€â”€â”€â”€â”€â”€â”€â”€â”€[0m[31m [0m[1;31mTraceback [0m[1;2;31m(most recent call last)[0m[31m [0m[31mâ”€â”€â”€â”€â”€â”€â”€â”€â”€â”€â”€â”€â”€â”€â”€â”€â”€â”€â”€â”€â”€â”€â”€â”€â”€[0m[31mâ”€â”€[0m
[31m [0m [2m/home/ubuntu/foirehdf/.venv/lib/python3.12/site-packages/streamlit/runtime/[0m[1mfragment.[0m [31m [0m
[31m [0m [1mpy[0m:245 in wrapped_fragment                                                           [31m [0m
[31m [0m                                                                                      [31m [0m
[31m [0m [2m/home/ubuntu/foirehdf/pages/[0m[1mride_list.py[0m:16 in ride_list                             [31m [0m
[31m [0m                                                                                      [31m [0m
[31m [0m   [2m13 [0m[1;95m@st[0m.fragment                                                                    [31m [0m
[31m [0m   [2m14 [0m[94mdef[0m[90m [0m[92mride_list[0m():                                                                [31m [0m
[31m [0m   [2m15 [0m[2mâ”‚   [0m                                                                            [31m [0m
[31m [0m [31mâ± [0m16 [2mâ”‚   [0mmanufacturer_names: [96mlist[0m[ManufacturerDto] = [1;4mlist_manufacturers()[0m            [31m [0m
[31m [0m   [2m17 [0m[2mâ”‚   [0mst.session_state.search_ride_query = DotDict()                              [31m [0m
[31m [0m   [2m18 [0m[2mâ”‚   [0m                                                                            [31m [0m
[31m [0m   [2m19 [0m[2mâ”‚   [0mcolTitle, colAdd = st.columns([[94m.8[0m, [94m.2[0m])                                     [31m [0m
[31m [0m                                                                                      [31m [0m
[31m [0m [2m/home/ubuntu/foirehdf/backend/services/[0m[1mmanufacturer_service.py[0m:49 in                 [31m [0m
[31m [0m list_manufacturers                                                                   [31m [0m
[31m [0m                                                                                      [31m [0m
[31m [0m   [2m 46 [0m[2;33mâ”‚   [0m[33m"""[0m                                                                        [31m [0m
[31m [0m   [2m 47 [0m[2mâ”‚   [0m[94mreturn[0m [                                                                   [31m [0m
[31m [0m   [2m 48 [0m[2mâ”‚   â”‚   [0mManufacturer.model_validate(manufacturer)                              [31m [0m
[31m [0m [31mâ± [0m 49 [2mâ”‚   â”‚   [0m[94mfor[0m manufacturer [95min[0m [1;4mdb.all()[0m                                           [31m [0m
[31m [0m   [2m 50 [0m[2mâ”‚   [0m]                                                                          [31m [0m
[31m [0m   [2m 51 [0m                                                                               [31m [0m
[31m [0m   [2m 52 [0m                                                                               [31m [0m
[31m [0m                                                                                      [31m [0m
[31m [0m [2m/home/ubuntu/foirehdf/.venv/lib/python3.12/site-packages/tinydb/[0m[1mtable.py[0m:237 in all  [31m [0m
[31m [0m                                                                                      [31m [0m
[31m [0m   [2m234 [0m[2mâ”‚   â”‚   [0m[2m# of all documents by using the ``list`` constructor to perform the[0m    [31m [0m
[31m [0m   [2m235 [0m[2mâ”‚   â”‚   [0m[2m# conversion.[0m                                                          [31m [0m
[31m [0m   [2m236 [0m[2mâ”‚   â”‚   [0m                                                                       [31m [0m
[31m [0m [31mâ± [0m237 [2mâ”‚   â”‚   [0m[94mreturn[0m [1;4;96mlist[0m[1;4m([0m[1;4;96miter[0m[1;4m([0m[1;4;96mself[0m[1;4m))[0m                                                [31m [0m
[31m [0m   [2m238 [0m[2mâ”‚   [0m                                                                           [31m [0m
[31m [0m   [2m239 [0m[2mâ”‚   [0m[94mdef[0m[90m [0m[92msearch[0m([96mself[0m, cond: QueryLike) -> List[Document]:                       [31m [0m
[31m [0m   [2m240 [0m[2;90mâ”‚   â”‚   [0m[33m"""[0m                                                                    [31m [0m
[31m [0m                                                                                      [31m [0m
[31m [0m [2m/home/ubuntu/foirehdf/.venv/lib/python3.12/site-packages/tinydb/[0m[1mtable.py[0m:659 in      [31m [0m
[31m [0m __iter__                                                                             [31m [0m
[31m [0m                                                                                      [31m [0m
[31m [0m   [2m656 [0m[2;33mâ”‚   â”‚   [0m[33m"""[0m                                                                    [31m [0m
[31m [0m   [2m657 [0m[2mâ”‚   â”‚   [0m                                                                       [31m [0m
[31m [0m   [2m658 [0m[2mâ”‚   â”‚   [0m[2m# Iterate all documents and their IDs[0m                                  [31m [0m
[31m [0m [31mâ± [0m659 [2mâ”‚   â”‚   [0m[94mfor[0m doc_id, doc [95min[0m [1;4;96mself[0m[1;4m._read_table()[0m.items():                         [31m [0m
[31m [0m   [2m660 [0m[2mâ”‚   â”‚   â”‚   [0m[2m# Convert documents to the document class[0m                          [31m [0m
[31m [0m   [2m661 [0m[2mâ”‚   â”‚   â”‚   [0m[94myield[0m [96mself[0m.document_class(doc, [96mself[0m.document_id_class(doc_id))     [31m [0m
[31m [0m   [2m662 [0m                                                                               [31m [0m
[31m [0m                                                                                      [31m [0m
[31m [0m [2m/home/ubuntu/foirehdf/.venv/lib/python3.12/site-packages/tinydb/[0m[1mtable.py[0m:708 in      [31m [0m
[31m [0m _read_table                                                                          [31m [0m
[31m [0m                                                                                      [31m [0m
[31m [0m   [2m705 [0m[2;33mâ”‚   â”‚   [0m[33m"""[0m                                                                    [31m [0m
[31m [0m   [2m706 [0m[2mâ”‚   â”‚   [0m                                                                       [31m [0m
[31m [0m   [2m707 [0m[2mâ”‚   â”‚   [0m[2m# Retrieve the tables from the storage[0m                                 [31m [0m
[31m [0m [31mâ± [0m708 [2mâ”‚   â”‚   [0mtables = [1;4;96mself[0m[1;4m._storage.read()[0m                                          [31m [0m
[31m [0m   [2m709 [0m[2mâ”‚   â”‚   [0m                                                                       [31m [0m
[31m [0m   [2m710 [0m[2mâ”‚   â”‚   [0m[94mif[0m tables [95mis[0m [94mNone[0m:                                                     [31m [0m
[31m [0m   [2m711 [0m[2mâ”‚   â”‚   â”‚   [0m[2m# The database is empty[0m                                            [31m [0m
[31m [0m                                                                                      [31m [0m
[31m [0m [2m/home/ubuntu/foirehdf/.venv/lib/python3.12/site-packages/tinydb/[0m[1mstorages.py[0m:136 in   [31m [0m
[31m [0m read                                                                                 [31m [0m
[31m [0m                                                                                      [31m [0m
[31m [0m   [2m133 [0m[2mâ”‚   â”‚   â”‚   [0m[96mself[0m._handle.seek([94m0[0m)                                               [31m [0m
[31m [0m   [2m134 [0m[2mâ”‚   â”‚   â”‚   [0m                                                                   [31m [0m
[31m [0m   [2m135 [0m[2mâ”‚   â”‚   â”‚   [0m[2m# Load the JSON contents of the file[0m                               [31m [0m
[31m [0m [31mâ± [0m136 [2mâ”‚   â”‚   â”‚   [0m[94mreturn[0m [1;4mjson.load([0m[1;4;96mself[0m[1;4m._handle)[0m                                     [31m [0m
[31m [0m   [2m137 [0m[2mâ”‚   [0m                                                                           [31m [0m
[31m [0m   [2m138 [0m[2mâ”‚   [0m[94mdef[0m[90m [0m[92mwrite[0m([96mself[0m, data: Dict[[96mstr[0m, Dict[[96mstr[0m, Any]]):                          [31m [0m
[31m [0m   [2m139 [0m[2mâ”‚   â”‚   [0m[2m# Move the cursor to the beginning of the file just in case[0m            [31m [0m
[31m [0m                                                                                      [31m [0m
[31m [0m [2m/usr/lib/python3.12/json/[0m[1m__init__.py[0m:293 in load                                     [31m [0m
[31m [0m                                                                                      [31m [0m
[31m [0m   [2m290 [0m[2;33mâ”‚   [0m[33mTo use a custom ``JSONDecoder`` subclass, specify it with the ``cls``[0m      [31m [0m
[31m [0m   [2m291 [0m[2;33mâ”‚   [0m[33mkwarg; otherwise ``JSONDecoder`` is used.[0m                                  [31m [0m
[31m [0m   [2m292 [0m[2;33mâ”‚   [0m[33m"""[0m                                                                        [31m [0m
[31m [0m [31mâ± [0m293 [2mâ”‚   [0m[94mreturn[0m [1;4mloads(fp.read(),[0m                                                    [31m [0m
[31m [0m   [2m294 [0m[2mâ”‚   â”‚   [0m[1;4;96mcls[0m[1;4m=[0m[1;4;96mcls[0m[1;4m, object_hook=object_hook,[0m                                      [31m [0m
[31m [0m   [2m295 [0m[2mâ”‚   â”‚   [0m[1;4mparse_float=parse_float, parse_int=parse_int,[0m                          [31m [0m
[31m [0m   [2m296 [0m[2mâ”‚   â”‚   [0m[1;4mparse_constant=parse_constant, object_pairs_hook=object_pairs_hook, **[0m [31m [0m
[31m [0m                                                                                      [31m [0m
[31m [0m [2m/usr/lib/python3.12/json/[0m[1m__init__.py[0m:346 in loads                                    [31m [0m
[31m [0m                                                                                      [31m [0m
[31m [0m   [2m343 [0m[2mâ”‚   [0m[94mif[0m ([96mcls[0m [95mis[0m [94mNone[0m [95mand[0m object_hook [95mis[0m [94mNone[0m [95mand[0m                                [31m [0m
[31m [0m   [2m344 [0m[2mâ”‚   â”‚   â”‚   [0mparse_int [95mis[0m [94mNone[0m [95mand[0m parse_float [95mis[0m [94mNone[0m [95mand[0m                      [31m [0m
[31m [0m   [2m345 [0m[2mâ”‚   â”‚   â”‚   [0mparse_constant [95mis[0m [94mNone[0m [95mand[0m object_pairs_hook [95mis[0m [94mNone[0m [95mand[0m [95mnot[0m kw):  [31m [0m
[31m [0m [31mâ± [0m346 [2mâ”‚   â”‚   [0m[94mreturn[0m [1;4m_default_decoder.decode(s)[0m                                      [31m [0m
[31m [0m   [2m347 [0m[2mâ”‚   [0m[94mif[0m [96mcls[0m [95mis[0m [94mNone[0m:                                                            [31m [0m
[31m [0m   [2m348 [0m[2mâ”‚   â”‚   [0m[96mcls[0m = JSONDecoder                                                      [31m [0m
[31m [0m   [2m349 [0m[2mâ”‚   [0m[94mif[0m object_hook [95mis[0m [95mnot[0m [94mNone[0m:                                                [31m [0m
[31m [0m                                                                                      [31m [0m
[31m [0m [2m/usr/lib/python3.12/json/[0m[1mdecoder.py[0m:337 in decode                                    [31m [0m
[31m [0m                                                                                      [31m [0m
[31m [0m   [2m334 [0m[2;33mâ”‚   â”‚   [0m[33mcontaining a JSON document).[0m                                           [31m [0m
[31m [0m   [2m335 [0m[2mâ”‚   â”‚   [0m                                                                       [31m [0m
[31m [0m   [2m336 [0m[2;33mâ”‚   â”‚   [0m[33m"""[0m                                                                    [31m [0m
[31m [0m [31mâ± [0m337 [2mâ”‚   â”‚   [0mobj, end = [1;4;96mself[0m[1;4m.raw_decode(s, idx=_w(s, [0m[1;4;94m0[0m[1;4m).end())[0m                      [31m [0m
[31m [0m   [2m338 [0m[2mâ”‚   â”‚   [0mend = _w(s, end).end()                                                 [31m [0m
[31m [0m   [2m339 [0m[2mâ”‚   â”‚   [0m[94mif[0m end != [96mlen[0m(s):                                                      [31m [0m
[31m [0m   [2m340 [0m[2mâ”‚   â”‚   â”‚   [0m[94mraise[0m JSONDecodeError([33m"[0m[33mExtra data[0m[33m"[0m, s, end)                        [31m [0m
[31m [0m                                                                                      [31m [0m
[31m [0m [2m/usr/lib/python3.12/json/[0m[1mdecoder.py[0m:353 in raw_decode                                [31m [0m
[31m [0m                                                                                      [31m [0m
[31m [0m   [2m350 [0m[2mâ”‚   â”‚   [0m                                                                       [31m [0m
[31m [0m   [2m351 [0m[2;33mâ”‚   â”‚   [0m[33m"""[0m                                                                    [31m [0m
[31m [0m   [2m352 [0m[2mâ”‚   â”‚   [0m[94mtry[0m:                                                                   [31m [0m
[31m [0m [31mâ± [0m353 [2mâ”‚   â”‚   â”‚   [0mobj, end = [96mself[0m.scan_once(s, idx)                                  [31m [0m
[31m [0m   [2m354 [0m[2mâ”‚   â”‚   [0m[1;4;94mexcept[0m[1;4m [0m[1;4;96mStopIteration[0m[1;4m [0m[1;4;94mas[0m[1;4m err:[0m                                           [31m [0m
[31m [0m   [2m355 [0m[2mâ”‚   â”‚   â”‚   [0m[1;4;94mraise[0m[1;4m JSONDecodeError([0m[1;4;33m"[0m[1;4;33mExpecting value[0m[1;4;33m"[0m[1;4m, s, err.value) [0m[1;4;94mfrom[0m[1;4;90m [0m[1;4;94mNone[0m   [31m [0m
[31m [0m   [2m356 [0m[2mâ”‚   â”‚   [0m[94mreturn[0m obj, end                                                        [31m [0m
[31mâ”€â”€â”€â”€â”€â”€â”€â”€â”€â”€â”€â”€â”€â”€â”€â”€â”€â”€â”€â”€â”€â”€â”€â”€â”€â”€â”€â”€â”€â”€â”€â”€â”€â”€â”€â”€â”€â”€â”€â”€â”€â”€â”€â”€â”€â”€â”€â”€â”€â”€â”€â”€â”€â”€â”€â”€â”€â”€â”€â”€â”€â”€â”€â”€â”€â”€â”€â”€â”€â”€â”€â”€â”€â”€â”€â”€â”€â”€â”€â”€â”€â”€â”€â”€â”€â”€â”€â”€[0m
[1;91mJSONDecodeError: [0mExpecting property name enclosed in double quotes: line [1;36m464[0m column [1;36m9[0m 
[1m([0mchar [1;36m19008[0m[1m)[0m
[31mâ”€â”€[0m[31mâ”€â”€â”€â”€â”€â”€â”€â”€â”€â”€â”€â”€â”€â”€â”€â”€â”€â”€â”€â”€â”€â”€â”€â”€[0m[31m [0m[1;31mTraceback [0m[1;2;31m(most recent call last)[0m[31m [0m[31mâ”€â”€â”€â”€â”€â”€â”€â”€â”€â”€â”€â”€â”€â”€â”€â”€â”€â”€â”€â”€â”€â”€â”€â”€â”€[0m[31mâ”€â”€[0m
[31m [0m [2m/home/ubuntu/foirehdf/.venv/lib/python3.12/site-packages/streamlit/runtime/[0m[1mfragment.[0m [31m [0m
[31m [0m [1mpy[0m:245 in wrapped_fragment                                                           [31m [0m
[31m [0m                                                                                      [31m [0m
[31m [0m [2m/home/ubuntu/foirehdf/pages/[0m[1mride_list.py[0m:16 in ride_list                             [31m [0m
[31m [0m                                                                                      [31m [0m
[31m [0m   [2m13 [0m[1;95m@st[0m.fragment                                                                    [31m [0m
[31m [0m   [2m14 [0m[94mdef[0m[90m [0m[92mride_list[0m():                                                                [31m [0m
[31m [0m   [2m15 [0m[2mâ”‚   [0m                                                                            [31m [0m
[31m [0m [31mâ± [0m16 [2mâ”‚   [0mmanufacturer_names: [96mlist[0m[ManufacturerDto] = [1;4mlist_manufacturers()[0m            [31m [0m
[31m [0m   [2m17 [0m[2mâ”‚   [0mst.session_state.search_ride_query = DotDict()                              [31m [0m
[31m [0m   [2m18 [0m[2mâ”‚   [0m                                                                            [31m [0m
[31m [0m   [2m19 [0m[2mâ”‚   [0mcolTitle, colAdd = st.columns([[94m.8[0m, [94m.2[0m])                                     [31m [0m
[31m [0m                                                                                      [31m [0m
[31m [0m [2m/home/ubuntu/foirehdf/backend/services/[0m[1mmanufacturer_service.py[0m:49 in                 [31m [0m
[31m [0m list_manufacturers                                                                   [31m [0m
[31m [0m                                                                                      [31m [0m
[31m [0m   [2m 46 [0m[2;33mâ”‚   [0m[33m"""[0m                                                                        [31m [0m
[31m [0m   [2m 47 [0m[2mâ”‚   [0m[94mreturn[0m [                                                                   [31m [0m
[31m [0m   [2m 48 [0m[2mâ”‚   â”‚   [0mManufacturer.model_validate(manufacturer)                              [31m [0m
[31m [0m [31mâ± [0m 49 [2mâ”‚   â”‚   [0m[94mfor[0m manufacturer [95min[0m [1;4mdb.all()[0m                                           [31m [0m
[31m [0m   [2m 50 [0m[2mâ”‚   [0m]                                                                          [31m [0m
[31m [0m   [2m 51 [0m                                                                               [31m [0m
[31m [0m   [2m 52 [0m                                                                               [31m [0m
[31m [0m                                                                                      [31m [0m
[31m [0m [2m/home/ubuntu/foirehdf/.venv/lib/python3.12/site-packages/tinydb/[0m[1mtable.py[0m:237 in all  [31m [0m
[31m [0m                                                                                      [31m [0m
[31m [0m   [2m234 [0m[2mâ”‚   â”‚   [0m[2m# of all documents by using the ``list`` constructor to perform the[0m    [31m [0m
[31m [0m   [2m235 [0m[2mâ”‚   â”‚   [0m[2m# conversion.[0m                                                          [31m [0m
[31m [0m   [2m236 [0m[2mâ”‚   â”‚   [0m                                                                       [31m [0m
[31m [0m [31mâ± [0m237 [2mâ”‚   â”‚   [0m[94mreturn[0m [1;4;96mlist[0m[1;4m([0m[1;4;96miter[0m[1;4m([0m[1;4;96mself[0m[1;4m))[0m                                                [31m [0m
[31m [0m   [2m238 [0m[2mâ”‚   [0m                                                                           [31m [0m
[31m [0m   [2m239 [0m[2mâ”‚   [0m[94mdef[0m[90m [0m[92msearch[0m([96mself[0m, cond: QueryLike) -> List[Document]:                       [31m [0m
[31m [0m   [2m240 [0m[2;90mâ”‚   â”‚   [0m[33m"""[0m                                                                    [31m [0m
[31m [0m                                                                                      [31m [0m
[31m [0m [2m/home/ubuntu/foirehdf/.venv/lib/python3.12/site-packages/tinydb/[0m[1mtable.py[0m:659 in      [31m [0m
[31m [0m __iter__                                                                             [31m [0m
[31m [0m                                                                                      [31m [0m
[31m [0m   [2m656 [0m[2;33mâ”‚   â”‚   [0m[33m"""[0m                                                                    [31m [0m
[31m [0m   [2m657 [0m[2mâ”‚   â”‚   [0m                                                                       [31m [0m
[31m [0m   [2m658 [0m[2mâ”‚   â”‚   [0m[2m# Iterate all documents and their IDs[0m                                  [31m [0m
[31m [0m [31mâ± [0m659 [2mâ”‚   â”‚   [0m[94mfor[0m doc_id, doc [95min[0m [1;4;96mself[0m[1;4m._read_table()[0m.items():                         [31m [0m
[31m [0m   [2m660 [0m[2mâ”‚   â”‚   â”‚   [0m[2m# Convert documents to the document class[0m                          [31m [0m
[31m [0m   [2m661 [0m[2mâ”‚   â”‚   â”‚   [0m[94myield[0m [96mself[0m.document_class(doc, [96mself[0m.document_id_class(doc_id))     [31m [0m
[31m [0m   [2m662 [0m                                                                               [31m [0m
[31m [0m                                                                                      [31m [0m
[31m [0m [2m/home/ubuntu/foirehdf/.venv/lib/python3.12/site-packages/tinydb/[0m[1mtable.py[0m:708 in      [31m [0m
[31m [0m _read_table                                                                          [31m [0m
[31m [0m                                                                                      [31m [0m
[31m [0m   [2m705 [0m[2;33mâ”‚   â”‚   [0m[33m"""[0m                                                                    [31m [0m
[31m [0m   [2m706 [0m[2mâ”‚   â”‚   [0m                                                                       [31m [0m
[31m [0m   [2m707 [0m[2mâ”‚   â”‚   [0m[2m# Retrieve the tables from the storage[0m                                 [31m [0m
[31m [0m [31mâ± [0m708 [2mâ”‚   â”‚   [0mtables = [1;4;96mself[0m[1;4m._storage.read()[0m                                          [31m [0m
[31m [0m   [2m709 [0m[2mâ”‚   â”‚   [0m                                                                       [31m [0m
[31m [0m   [2m710 [0m[2mâ”‚   â”‚   [0m[94mif[0m tables [95mis[0m [94mNone[0m:                                                     [31m [0m
[31m [0m   [2m711 [0m[2mâ”‚   â”‚   â”‚   [0m[2m# The database is empty[0m                                            [31m [0m
[31m [0m                                                                                      [31m [0m
[31m [0m [2m/home/ubuntu/foirehdf/.venv/lib/python3.12/site-packages/tinydb/[0m[1mstorages.py[0m:136 in   [31m [0m
[31m [0m read                                                                                 [31m [0m
[31m [0m                                                                                      [31m [0m
[31m [0m   [2m133 [0m[2mâ”‚   â”‚   â”‚   [0m[96mself[0m._handle.seek([94m0[0m)                                               [31m [0m
[31m [0m   [2m134 [0m[2mâ”‚   â”‚   â”‚   [0m                                                                   [31m [0m
[31m [0m   [2m135 [0m[2mâ”‚   â”‚   â”‚   [0m[2m# Load the JSON contents of the file[0m                               [31m [0m
[31m [0m [31mâ± [0m136 [2mâ”‚   â”‚   â”‚   [0m[94mreturn[0m [1;4mjson.load([0m[1;4;96mself[0m[1;4m._handle)[0m                                     [31m [0m
[31m [0m   [2m137 [0m[2mâ”‚   [0m                                                                           [31m [0m
[31m [0m   [2m138 [0m[2mâ”‚   [0m[94mdef[0m[90m [0m[92mwrite[0m([96mself[0m, data: Dict[[96mstr[0m, Dict[[96mstr[0m, Any]]):                          [31m [0m
[31m [0m   [2m139 [0m[2mâ”‚   â”‚   [0m[2m# Move the cursor to the beginning of the file just in case[0m            [31m [0m
[31m [0m                                                                                      [31m [0m
[31m [0m [2m/usr/lib/python3.12/json/[0m[1m__init__.py[0m:293 in load                                     [31m [0m
[31m [0m                                                                                      [31m [0m
[31m [0m   [2m290 [0m[2;33mâ”‚   [0m[33mTo use a custom ``JSONDecoder`` subclass, specify it with the ``cls``[0m      [31m [0m
[31m [0m   [2m291 [0m[2;33mâ”‚   [0m[33mkwarg; otherwise ``JSONDecoder`` is used.[0m                                  [31m [0m
[31m [0m   [2m292 [0m[2;33mâ”‚   [0m[33m"""[0m                                                                        [31m [0m
[31m [0m [31mâ± [0m293 [2mâ”‚   [0m[94mreturn[0m [1;4mloads(fp.read(),[0m                                                    [31m [0m
[31m [0m   [2m294 [0m[2mâ”‚   â”‚   [0m[1;4;96mcls[0m[1;4m=[0m[1;4;96mcls[0m[1;4m, object_hook=object_hook,[0m                                      [31m [0m
[31m [0m   [2m295 [0m[2mâ”‚   â”‚   [0m[1;4mparse_float=parse_float, parse_int=parse_int,[0m                          [31m [0m
[31m [0m   [2m296 [0m[2mâ”‚   â”‚   [0m[1;4mparse_constant=parse_constant, object_pairs_hook=object_pairs_hook, **[0m [31m [0m
[31m [0m                                                                                      [31m [0m
[31m [0m [2m/usr/lib/python3.12/json/[0m[1m__init__.py[0m:346 in loads                                    [31m [0m
[31m [0m                                                                                      [31m [0m
[31m [0m   [2m343 [0m[2mâ”‚   [0m[94mif[0m ([96mcls[0m [95mis[0m [94mNone[0m [95mand[0m object_hook [95mis[0m [94mNone[0m [95mand[0m                                [31m [0m
[31m [0m   [2m344 [0m[2mâ”‚   â”‚   â”‚   [0mparse_int [95mis[0m [94mNone[0m [95mand[0m parse_float [95mis[0m [94mNone[0m [95mand[0m                      [31m [0m
[31m [0m   [2m345 [0m[2mâ”‚   â”‚   â”‚   [0mparse_constant [95mis[0m [94mNone[0m [95mand[0m object_pairs_hook [95mis[0m [94mNone[0m [95mand[0m [95mnot[0m kw):  [31m [0m
[31m [0m [31mâ± [0m346 [2mâ”‚   â”‚   [0m[94mreturn[0m [1;4m_default_decoder.decode(s)[0m                                      [31m [0m
[31m [0m   [2m347 [0m[2mâ”‚   [0m[94mif[0m [96mcls[0m [95mis[0m [94mNone[0m:                                                            [31m [0m
[31m [0m   [2m348 [0m[2mâ”‚   â”‚   [0m[96mcls[0m = JSONDecoder                                                      [31m [0m
[31m [0m   [2m349 [0m[2mâ”‚   [0m[94mif[0m object_hook [95mis[0m [95mnot[0m [94mNone[0m:                                                [31m [0m
[31m [0m                                                                                      [31m [0m
[31m [0m [2m/usr/lib/python3.12/json/[0m[1mdecoder.py[0m:337 in decode                                    [31m [0m
[31m [0m                                                                                      [31m [0m
[31m [0m   [2m334 [0m[2;33mâ”‚   â”‚   [0m[33mcontaining a JSON document).[0m                                           [31m [0m
[31m [0m   [2m335 [0m[2mâ”‚   â”‚   [0m                                                                       [31m [0m
[31m [0m   [2m336 [0m[2;33mâ”‚   â”‚   [0m[33m"""[0m                                                                    [31m [0m
[31m [0m [31mâ± [0m337 [2mâ”‚   â”‚   [0mobj, end = [1;4;96mself[0m[1;4m.raw_decode(s, idx=_w(s, [0m[1;4;94m0[0m[1;4m).end())[0m                      [31m [0m
[31m [0m   [2m338 [0m[2mâ”‚   â”‚   [0mend = _w(s, end).end()                                                 [31m [0m
[31m [0m   [2m339 [0m[2mâ”‚   â”‚   [0m[94mif[0m end != [96mlen[0m(s):                                                      [31m [0m
[31m [0m   [2m340 [0m[2mâ”‚   â”‚   â”‚   [0m[94mraise[0m JSONDecodeError([33m"[0m[33mExtra data[0m[33m"[0m, s, end)                        [31m [0m
[31m [0m                                                                                      [31m [0m
[31m [0m [2m/usr/lib/python3.12/json/[0m[1mdecoder.py[0m:355 in raw_decode                                [31m [0m
[31m [0m                                                                                      [31m [0m
[31m [0m   [2m352 [0m[2mâ”‚   â”‚   [0m[94mtry[0m:                                                                   [31m [0m
[31m [0m   [2m353 [0m[2mâ”‚   â”‚   â”‚   [0mobj, end = [96mself[0m.scan_once(s, idx)                                  [31m [0m
[31m [0m   [2m354 [0m[2mâ”‚   â”‚   [0m[94mexcept[0m [96mStopIteration[0m [94mas[0m err:                                           [31m [0m
[31m [0m [31mâ± [0m355 [2mâ”‚   â”‚   â”‚   [0m[1;4;94mraise[0m[1;4m JSONDecodeError([0m[1;4;33m"[0m[1;4;33mExpecting value[0m[1;4;33m"[0m[1;4m, s, err.value) [0m[1;4;94mfrom[0m[1;4;90m [0m[1;4;94mNone[0m   [31m [0m
[31m [0m   [2m356 [0m[2mâ”‚   â”‚   [0m[94mreturn[0m obj, end                                                        [31m [0m
[31m [0m   [2m357 [0m                                                                               [31m [0m
[31mâ”€â”€â”€â”€â”€â”€â”€â”€â”€â”€â”€â”€â”€â”€â”€â”€â”€â”€â”€â”€â”€â”€â”€â”€â”€â”€â”€â”€â”€â”€â”€â”€â”€â”€â”€â”€â”€â”€â”€â”€â”€â”€â”€â”€â”€â”€â”€â”€â”€â”€â”€â”€â”€â”€â”€â”€â”€â”€â”€â”€â”€â”€â”€â”€â”€â”€â”€â”€â”€â”€â”€â”€â”€â”€â”€â”€â”€â”€â”€â”€â”€â”€â”€â”€â”€â”€â”€â”€[0m
[1;91mJSONDecodeError: [0mExpecting value: line [1;36m1559[0m column [1;36m13[0m [1m([0mchar [1;36m67034[0m[1m)[0m
[31mâ”€â”€[0m[31mâ”€â”€â”€â”€â”€â”€â”€â”€â”€â”€â”€â”€â”€â”€â”€â”€â”€â”€â”€â”€â”€â”€â”€â”€[0m[31m [0m[1;31mTraceback [0m[1;2;31m(most recent call last)[0m[31m [0m[31mâ”€â”€â”€â”€â”€â”€â”€â”€â”€â”€â”€â”€â”€â”€â”€â”€â”€â”€â”€â”€â”€â”€â”€â”€â”€[0m[31mâ”€â”€[0m
[31m [0m [2m/home/ubuntu/foirehdf/.venv/lib/python3.12/site-packages/streamlit/runtime/[0m[1mfragment.[0m [31m [0m
[31m [0m [1mpy[0m:245 in wrapped_fragment                                                           [31m [0m
[31m [0m                                                                                      [31m [0m
[31m [0m [2m/home/ubuntu/foirehdf/pages/[0m[1mfair_create.py[0m:27 in fair_create                         [31m [0m
[31m [0m                                                                                      [31m [0m
[31m [0m   [2m24 [0m[2mâ”‚   â”‚   [0m[94mwith[0m col_fair_name:                                                     [31m [0m
[31m [0m   [2m25 [0m[2mâ”‚   â”‚   â”‚   [0mst.session_state.fair[[33m"[0m[33mname[0m[33m"[0m] = st.text_input([33mf[0m[33m'[0m[33m{[0m_([33m"[0m[33mFAIR_NAME[0m[33m"[0m)[33m}[0m[33m*[0m[33m'[0m) [31m [0m
[31m [0m   [2m26 [0m[2mâ”‚   â”‚   [0m[94mwith[0m col_fair_dates:                                                    [31m [0m
[31m [0m [31mâ± [0m27 [2mâ”‚   â”‚   â”‚   [0mst.session_state.fair[[33m"[0m[33mstart_date[0m[33m"[0m] = [1;4mst.date_input([0m[1;4;33mf[0m[1;4;33m'[0m[1;4;33m{[0m[1;4m_([0m[1;4;33m"[0m[1;4;33mFAIR_STAR[0m [31m [0m
[31m [0m   [2m28 [0m[2mâ”‚   â”‚   â”‚   [0mst.session_state.fair[[33m"[0m[33mend_date[0m[33m"[0m] = st.date_input([33mf[0m[33m'[0m[33m{[0m_([33m"[0m[33mFAIR_END_DA[0m [31m [0m
[31m [0m   [2m29 [0m[2mâ”‚   â”‚   [0m                                                                        [31m [0m
[31m [0m   [2m30 [0m[2mâ”‚   â”‚   [0mst.divider()                                                            [31m [0m
[31m [0m                                                                                      [31m [0m
[31m [0m [2m/home/ubuntu/foirehdf/.venv/lib/python3.12/site-packages/streamlit/runtime/[0m[1mmetrics_u[0m [31m [0m
[31m [0m [1mtil.py[0m:410 in wrapped_func                                                           [31m [0m
[31m [0m                                                                                      [31m [0m
[31m [0m [2m/home/ubuntu/foirehdf/.venv/lib/python3.12/site-packages/streamlit/elements/widgets/[0m [31m [0m
[31m [0m [1mtime_widgets.py[0m:807 in date_input                                                    [31m [0m
[31m [0m                                                                                      [31m [0m
[31m [0m [2m/home/ubuntu/foirehdf/.venv/lib/python3.12/site-packages/streamlit/elements/widgets/[0m [31m [0m
[31m [0m [1mtime_widgets.py[0m:898 in _date_input                                                   [31m [0m
[31m [0m                                                                                      [31m [0m
[31m [0m [2m/home/ubuntu/foirehdf/.venv/lib/python3.12/site-packages/streamlit/elements/widgets/[0m [31m [0m
[31m [0m [1mtime_widgets.py[0m:219 in from_raw_values                                               [31m [0m
[31m [0m                                                                                      [31m [0m
[31m [0m [2m/home/ubuntu/foirehdf/.venv/lib/python3.12/site-packages/streamlit/elements/widgets/[0m [31m [0m
[31m [0m [1mtime_widgets.py[0m:162 in _parse_date_value                                             [31m [0m
[31m [0m                                                                                      [31m [0m
[31m [0m [2m/home/ubuntu/foirehdf/.venv/lib/python3.12/site-packages/streamlit/elements/widgets/[0m [31m [0m
[31m [0m [1mtime_widgets.py[0m:138 in _convert_datelike_to_date                                     [31m [0m
[31mâ”€â”€â”€â”€â”€â”€â”€â”€â”€â”€â”€â”€â”€â”€â”€â”€â”€â”€â”€â”€â”€â”€â”€â”€â”€â”€â”€â”€â”€â”€â”€â”€â”€â”€â”€â”€â”€â”€â”€â”€â”€â”€â”€â”€â”€â”€â”€â”€â”€â”€â”€â”€â”€â”€â”€â”€â”€â”€â”€â”€â”€â”€â”€â”€â”€â”€â”€â”€â”€â”€â”€â”€â”€â”€â”€â”€â”€â”€â”€â”€â”€â”€â”€â”€â”€â”€â”€â”€[0m
[1;91mStreamlitAPIException: [0mDate value should either be an date/datetime or an ISO string or 
[32m"today"[0m
[31mâ”€â”€[0m[31mâ”€â”€â”€â”€â”€â”€â”€â”€â”€â”€â”€â”€â”€â”€â”€â”€â”€â”€â”€â”€â”€â”€â”€â”€[0m[31m [0m[1;31mTraceback [0m[1;2;31m(most recent call last)[0m[31m [0m[31mâ”€â”€â”€â”€â”€â”€â”€â”€â”€â”€â”€â”€â”€â”€â”€â”€â”€â”€â”€â”€â”€â”€â”€â”€â”€[0m[31mâ”€â”€[0m
[31m [0m [2m/home/ubuntu/foirehdf/.venv/lib/python3.12/site-packages/streamlit/runtime/scriptrun[0m [31m [0m
[31m [0m [2mner/[0m[1mexec_code.py[0m:121 in exec_func_with_error_handling                                [31m [0m
[31m [0m                                                                                      [31m [0m
[31m [0m [2m/home/ubuntu/foirehdf/.venv/lib/python3.12/site-packages/streamlit/runtime/scriptrun[0m [31m [0m
[31m [0m [2mner/[0m[1mscript_runner.py[0m:640 in code_to_exec                                             [31m [0m
[31m [0m                                                                                      [31m [0m
[31m [0m [2m/home/ubuntu/foirehdf/[0m[1mapp.py[0m:68 in <module>                                          [31m [0m
[31m [0m                                                                                      [31m [0m
[31m [0m   [2m65 [0m                                                                                [31m [0m
[31m [0m   [2m66 [0m                                                                                [31m [0m
[31m [0m   [2m67 [0m                                                                                [31m [0m
[31m [0m [31mâ± [0m68 [1;4mpg.run()[0m                                                                        [31m [0m
[31m [0m   [2m69 [0m                                                                                [31m [0m
[31m [0m   [2m70 [0m                                                                                [31m [0m
[31m [0m   [2m71 [0mst.sidebar.toggle(                                                              [31m [0m
[31m [0m                                                                                      [31m [0m
[31m [0m [2m/home/ubuntu/foirehdf/.venv/lib/python3.12/site-packages/streamlit/navigation/[0m[1mpage.p[0m [31m [0m
[31m [0m [1my[0m:297 in run                                                                         [31m [0m
[31m [0m                                                                                      [31m [0m
[31m [0m [2m/home/ubuntu/foirehdf/pages/[0m[1mmanufacturer_list.py[0m:19 in <module>                      [31m [0m
[31m [0m                                                                                      [31m [0m
[31m [0m   [2m16 [0m                                                                                [31m [0m
[31m [0m   [2m17 [0m                                                                                [31m [0m
[31m [0m   [2m18 [0m[1;95m@st[0m.dialog(_([33m"[0m[33mMANUFACTURER_LIST_DELETE_MANUFACTURER[0m[33m"[0m))                          [31m [0m
[31m [0m [31mâ± [0m19 [94mdef[0m[90m [0m[92mdelete_manufacturer_dialog[0m(manufacturer: [1;4mManufacturerDto[0m) -> [94mNone[0m:          [31m [0m
[31m [0m   [2m20 [0m[2mâ”‚   [0mst.subheader(_([33m"[0m[33mMANUFACTURER_LIST_DELETE_A_MANUFACTURER[0m[33m"[0m))                  [31m [0m
[31m [0m   [2m21 [0m[2mâ”‚   [0mst.write([33mf[0m[33m"[0m[33m{[0m_([33m'[0m[33mMANUFACTURER_LIST_ARE_YOU_SURE_TO_DELETE[0m[33m'[0m)[33m}[0m[33m [0m[33m{[0mmanufacturer.na [31m [0m
[31m [0m   [2m22 [0m[2mâ”‚   [0m[94mif[0m st.button(_([33m"[0m[33mDELETE[0m[33m"[0m)):                                                  [31m [0m
[31mâ”€â”€â”€â”€â”€â”€â”€â”€â”€â”€â”€â”€â”€â”€â”€â”€â”€â”€â”€â”€â”€â”€â”€â”€â”€â”€â”€â”€â”€â”€â”€â”€â”€â”€â”€â”€â”€â”€â”€â”€â”€â”€â”€â”€â”€â”€â”€â”€â”€â”€â”€â”€â”€â”€â”€â”€â”€â”€â”€â”€â”€â”€â”€â”€â”€â”€â”€â”€â”€â”€â”€â”€â”€â”€â”€â”€â”€â”€â”€â”€â”€â”€â”€â”€â”€â”€â”€â”€[0m
[1;91mNameError: [0mname [32m'ManufacturerDto'[0m is not defined
Exception in thread Thread-1:
Traceback (most recent call last):
  File "/usr/lib/python3.12/threading.py", line 1075, in _bootstrap_inner
    self.run()
  File "/home/ubuntu/foirehdf/.venv/lib/python3.12/site-packages/watchdog/observers/api.py", line 213, in run
    self.dispatch_events(self.event_queue)
  File "/home/ubuntu/foirehdf/.venv/lib/python3.12/site-packages/watchdog/observers/api.py", line 391, in dispatch_events
    handler.dispatch(event)
  File "/home/ubuntu/foirehdf/.venv/lib/python3.12/site-packages/watchdog/events.py", line 217, in dispatch
    getattr(self, f"on_{event.event_type}")(event)
  File "/home/ubuntu/foirehdf/.venv/lib/python3.12/site-packages/streamlit/watcher/event_based_path_watcher.py", line 403, in on_modified
    self.handle_path_change_event(event)
  File "/home/ubuntu/foirehdf/.venv/lib/python3.12/site-packages/streamlit/watcher/event_based_path_watcher.py", line 371, in handle_path_change_event
    modification_time = util.path_modification_time(
                        ^^^^^^^^^^^^^^^^^^^^^^^^^^^^
  File "/home/ubuntu/foirehdf/.venv/lib/python3.12/site-packages/streamlit/watcher/util.py", line 91, in path_modification_time
    return _do_with_retries(
           ^^^^^^^^^^^^^^^^^
  File "/home/ubuntu/foirehdf/.venv/lib/python3.12/site-packages/streamlit/watcher/util.py", line 172, in _do_with_retries
    return orig_fn()
           ^^^^^^^^^
  File "/home/ubuntu/foirehdf/.venv/lib/python3.12/site-packages/streamlit/watcher/util.py", line 92, in <lambda>
    lambda: os.stat(path).st_mtime,
            ^^^^^^^^^^^^^
FileNotFoundError: [Errno 2] Aucun fichier ou dossier de ce nom: '/home/ubuntu/foirehdf/backend/dto'
